[2025-05-17T01:00:00.126+0000] {taskinstance.py:1957} INFO - Dependencies all met for dep_context=non-requeueable deps ti=<TaskInstance: etl_postgres_to_duckdb.run_etl_script scheduled__2025-05-17T00:00:00+00:00 [queued]>
[2025-05-17T01:00:00.129+0000] {taskinstance.py:1957} INFO - Dependencies all met for dep_context=requeueable deps ti=<TaskInstance: etl_postgres_to_duckdb.run_etl_script scheduled__2025-05-17T00:00:00+00:00 [queued]>
[2025-05-17T01:00:00.129+0000] {taskinstance.py:2171} INFO - Starting attempt 1 of 2
[2025-05-17T01:00:00.132+0000] {taskinstance.py:2192} INFO - Executing <Task(BashOperator): run_etl_script> on 2025-05-17 00:00:00+00:00
[2025-05-17T01:00:00.134+0000] {standard_task_runner.py:60} INFO - Started process 250 to run task
[2025-05-17T01:00:00.135+0000] {standard_task_runner.py:87} INFO - Running: ['airflow', 'tasks', 'run', 'etl_postgres_to_duckdb', 'run_etl_script', 'scheduled__2025-05-17T00:00:00+00:00', '--job-id', '8', '--raw', '--subdir', 'DAGS_FOLDER/etl_postgres_to_duckdb.py', '--cfg-path', '/tmp/tmpy47jjx4a']
[2025-05-17T01:00:00.136+0000] {standard_task_runner.py:88} INFO - Job 8: Subtask run_etl_script
[2025-05-17T01:00:00.143+0000] {logging_mixin.py:188} WARNING - /home/airflow/.local/lib/python3.11/site-packages/airflow/settings.py:195 DeprecationWarning: The sql_alchemy_conn option in [core] has been moved to the sql_alchemy_conn option in [database] - the old setting has been used, but please update your config.
[2025-05-17T01:00:00.156+0000] {task_command.py:423} INFO - Running <TaskInstance: etl_postgres_to_duckdb.run_etl_script scheduled__2025-05-17T00:00:00+00:00 [running]> on host faeef5a3c098
[2025-05-17T01:00:00.185+0000] {taskinstance.py:2481} INFO - Exporting env vars: AIRFLOW_CTX_DAG_OWNER='airflow' AIRFLOW_CTX_DAG_ID='etl_postgres_to_duckdb' AIRFLOW_CTX_TASK_ID='run_etl_script' AIRFLOW_CTX_EXECUTION_DATE='2025-05-17T00:00:00+00:00' AIRFLOW_CTX_TRY_NUMBER='1' AIRFLOW_CTX_DAG_RUN_ID='scheduled__2025-05-17T00:00:00+00:00'
[2025-05-17T01:00:00.186+0000] {subprocess.py:63} INFO - Tmp dir root location: /tmp
[2025-05-17T01:00:00.186+0000] {subprocess.py:75} INFO - Running command: ['/usr/bin/bash', '-c', 'python /opt/airflow/etl/etl_postgres_to_duckdb.py']
[2025-05-17T01:00:00.189+0000] {subprocess.py:86} INFO - Output:
[2025-05-17T01:00:01.434+0000] {subprocess.py:93} INFO - Extracting data from Postgres...
[2025-05-17T01:00:01.434+0000] {subprocess.py:93} INFO - Fetched 1557 rows.
[2025-05-17T01:00:01.439+0000] {subprocess.py:93} INFO - Loading data into DuckDB...
[2025-05-17T01:00:01.441+0000] {subprocess.py:93} INFO - Done!
[2025-05-17T01:00:01.462+0000] {subprocess.py:97} INFO - Command exited with return code 0
[2025-05-17T01:00:01.472+0000] {taskinstance.py:1138} INFO - Marking task as SUCCESS. dag_id=etl_postgres_to_duckdb, task_id=run_etl_script, execution_date=20250517T000000, start_date=20250517T010000, end_date=20250517T010001
[2025-05-17T01:00:01.516+0000] {local_task_job_runner.py:234} INFO - Task exited with return code 0
[2025-05-17T01:00:01.523+0000] {taskinstance.py:3281} INFO - 0 downstream tasks scheduled from follow-on schedule check
