[2025-05-17T00:24:52.802+0000] {taskinstance.py:1957} INFO - Dependencies all met for dep_context=non-requeueable deps ti=<TaskInstance: etl_postgres_to_duckdb.run_etl_script manual__2025-05-17T00:24:51.739837+00:00 [queued]>
[2025-05-17T00:24:52.806+0000] {taskinstance.py:1957} INFO - Dependencies all met for dep_context=requeueable deps ti=<TaskInstance: etl_postgres_to_duckdb.run_etl_script manual__2025-05-17T00:24:51.739837+00:00 [queued]>
[2025-05-17T00:24:52.806+0000] {taskinstance.py:2171} INFO - Starting attempt 1 of 2
[2025-05-17T00:24:52.812+0000] {taskinstance.py:2192} INFO - Executing <Task(BashOperator): run_etl_script> on 2025-05-17 00:24:51.739837+00:00
[2025-05-17T00:24:52.816+0000] {standard_task_runner.py:60} INFO - Started process 192 to run task
[2025-05-17T00:24:52.818+0000] {standard_task_runner.py:87} INFO - Running: ['airflow', 'tasks', 'run', 'etl_postgres_to_duckdb', 'run_etl_script', 'manual__2025-05-17T00:24:51.739837+00:00', '--job-id', '3', '--raw', '--subdir', 'DAGS_FOLDER/etl_postgres_to_duckdb.py', '--cfg-path', '/tmp/tmp_czjhngs']
[2025-05-17T00:24:52.819+0000] {standard_task_runner.py:88} INFO - Job 3: Subtask run_etl_script
[2025-05-17T00:24:52.825+0000] {logging_mixin.py:188} WARNING - /home/airflow/.local/lib/python3.11/site-packages/airflow/settings.py:195 DeprecationWarning: The sql_alchemy_conn option in [core] has been moved to the sql_alchemy_conn option in [database] - the old setting has been used, but please update your config.
[2025-05-17T00:24:52.840+0000] {task_command.py:423} INFO - Running <TaskInstance: etl_postgres_to_duckdb.run_etl_script manual__2025-05-17T00:24:51.739837+00:00 [running]> on host d4675334c61f
[2025-05-17T00:24:52.875+0000] {taskinstance.py:2481} INFO - Exporting env vars: AIRFLOW_CTX_DAG_OWNER='airflow' AIRFLOW_CTX_DAG_ID='etl_postgres_to_duckdb' AIRFLOW_CTX_TASK_ID='run_etl_script' AIRFLOW_CTX_EXECUTION_DATE='2025-05-17T00:24:51.739837+00:00' AIRFLOW_CTX_TRY_NUMBER='1' AIRFLOW_CTX_DAG_RUN_ID='manual__2025-05-17T00:24:51.739837+00:00'
[2025-05-17T00:24:52.876+0000] {subprocess.py:63} INFO - Tmp dir root location: /tmp
[2025-05-17T00:24:52.876+0000] {subprocess.py:75} INFO - Running command: ['/usr/bin/bash', '-c', 'python /opt/airflow/etl/etl_postgres_to_duckdb.py']
[2025-05-17T00:24:52.880+0000] {subprocess.py:86} INFO - Output:
[2025-05-17T00:24:53.577+0000] {subprocess.py:93} INFO - Extracting data from Postgres...
[2025-05-17T00:24:53.580+0000] {subprocess.py:93} INFO - Fetched 62 rows.
[2025-05-17T00:24:53.580+0000] {subprocess.py:93} INFO - Loading data into DuckDB...
[2025-05-17T00:24:53.580+0000] {subprocess.py:93} INFO - Done!
[2025-05-17T00:24:53.612+0000] {subprocess.py:97} INFO - Command exited with return code 0
[2025-05-17T00:24:53.624+0000] {taskinstance.py:1138} INFO - Marking task as SUCCESS. dag_id=etl_postgres_to_duckdb, task_id=run_etl_script, execution_date=20250517T002451, start_date=20250517T002452, end_date=20250517T002453
[2025-05-17T00:24:53.655+0000] {local_task_job_runner.py:234} INFO - Task exited with return code 0
[2025-05-17T00:24:53.665+0000] {taskinstance.py:3281} INFO - 0 downstream tasks scheduled from follow-on schedule check
