[2025-05-17T01:26:01.314+0000] {taskinstance.py:1957} INFO - Dependencies all met for dep_context=non-requeueable deps ti=<TaskInstance: etl_postgres_to_duckdb.run_etl_script manual__2025-05-17T01:26:00.809911+00:00 [queued]>
[2025-05-17T01:26:01.319+0000] {taskinstance.py:1957} INFO - Dependencies all met for dep_context=requeueable deps ti=<TaskInstance: etl_postgres_to_duckdb.run_etl_script manual__2025-05-17T01:26:00.809911+00:00 [queued]>
[2025-05-17T01:26:01.319+0000] {taskinstance.py:2171} INFO - Starting attempt 1 of 2
[2025-05-17T01:26:01.326+0000] {taskinstance.py:2192} INFO - Executing <Task(BashOperator): run_etl_script> on 2025-05-17 01:26:00.809911+00:00
[2025-05-17T01:26:01.328+0000] {standard_task_runner.py:60} INFO - Started process 546 to run task
[2025-05-17T01:26:01.330+0000] {standard_task_runner.py:87} INFO - Running: ['airflow', 'tasks', 'run', 'etl_postgres_to_duckdb', 'run_etl_script', 'manual__2025-05-17T01:26:00.809911+00:00', '--job-id', '10', '--raw', '--subdir', 'DAGS_FOLDER/etl_postgres_to_duckdb.py', '--cfg-path', '/tmp/tmp908n657f']
[2025-05-17T01:26:01.332+0000] {standard_task_runner.py:88} INFO - Job 10: Subtask run_etl_script
[2025-05-17T01:26:01.341+0000] {logging_mixin.py:188} WARNING - /home/airflow/.local/lib/python3.11/site-packages/airflow/settings.py:195 DeprecationWarning: The sql_alchemy_conn option in [core] has been moved to the sql_alchemy_conn option in [database] - the old setting has been used, but please update your config.
[2025-05-17T01:26:01.359+0000] {task_command.py:423} INFO - Running <TaskInstance: etl_postgres_to_duckdb.run_etl_script manual__2025-05-17T01:26:00.809911+00:00 [running]> on host faeef5a3c098
[2025-05-17T01:26:01.395+0000] {taskinstance.py:2481} INFO - Exporting env vars: AIRFLOW_CTX_DAG_OWNER='airflow' AIRFLOW_CTX_DAG_ID='etl_postgres_to_duckdb' AIRFLOW_CTX_TASK_ID='run_etl_script' AIRFLOW_CTX_EXECUTION_DATE='2025-05-17T01:26:00.809911+00:00' AIRFLOW_CTX_TRY_NUMBER='1' AIRFLOW_CTX_DAG_RUN_ID='manual__2025-05-17T01:26:00.809911+00:00'
[2025-05-17T01:26:01.395+0000] {subprocess.py:63} INFO - Tmp dir root location: /tmp
[2025-05-17T01:26:01.396+0000] {subprocess.py:75} INFO - Running command: ['/usr/bin/bash', '-c', 'python /opt/airflow/etl/etl_postgres_to_duckdb.py']
[2025-05-17T01:26:01.399+0000] {subprocess.py:86} INFO - Output:
[2025-05-17T01:26:01.467+0000] {subprocess.py:93} INFO - Checking last timestamp in DuckDB...
[2025-05-17T01:26:01.469+0000] {subprocess.py:93} INFO - Last timestamp: 2025-05-17 00:49:59.953057+00:00
[2025-05-17T01:26:01.469+0000] {subprocess.py:93} INFO - Extracting new data from Postgres...
[2025-05-17T01:26:01.469+0000] {subprocess.py:93} INFO - Fetched 0 new rows.
[2025-05-17T01:26:01.469+0000] {subprocess.py:93} INFO - Loading new data into DuckDB...
[2025-05-17T01:26:01.470+0000] {subprocess.py:93} INFO - No new rows to insert.
[2025-05-17T01:26:01.470+0000] {subprocess.py:93} INFO - Done!
[2025-05-17T01:26:01.474+0000] {subprocess.py:97} INFO - Command exited with return code 0
[2025-05-17T01:26:01.487+0000] {taskinstance.py:1138} INFO - Marking task as SUCCESS. dag_id=etl_postgres_to_duckdb, task_id=run_etl_script, execution_date=20250517T012600, start_date=20250517T012601, end_date=20250517T012601
[2025-05-17T01:26:01.513+0000] {local_task_job_runner.py:234} INFO - Task exited with return code 0
[2025-05-17T01:26:01.520+0000] {taskinstance.py:3281} INFO - 0 downstream tasks scheduled from follow-on schedule check
