[2025-05-17T00:05:01.245+0000] {taskinstance.py:1957} INFO - Dependencies all met for dep_context=non-requeueable deps ti=<TaskInstance: etl_postgres_to_duckdb.run_etl_script scheduled__2025-05-16T23:00:00+00:00 [queued]>
[2025-05-17T00:05:01.248+0000] {taskinstance.py:1957} INFO - Dependencies all met for dep_context=requeueable deps ti=<TaskInstance: etl_postgres_to_duckdb.run_etl_script scheduled__2025-05-16T23:00:00+00:00 [queued]>
[2025-05-17T00:05:01.248+0000] {taskinstance.py:2171} INFO - Starting attempt 2 of 2
[2025-05-17T00:05:01.252+0000] {taskinstance.py:2192} INFO - Executing <Task(BashOperator): run_etl_script> on 2025-05-16 23:00:00+00:00
[2025-05-17T00:05:01.254+0000] {standard_task_runner.py:60} INFO - Started process 495 to run task
[2025-05-17T00:05:01.255+0000] {standard_task_runner.py:87} INFO - Running: ['airflow', 'tasks', 'run', 'etl_postgres_to_duckdb', 'run_etl_script', 'scheduled__2025-05-16T23:00:00+00:00', '--job-id', '7', '--raw', '--subdir', 'DAGS_FOLDER/etl_postgres_to_duckdb.py', '--cfg-path', '/tmp/tmpdo_llce7']
[2025-05-17T00:05:01.256+0000] {standard_task_runner.py:88} INFO - Job 7: Subtask run_etl_script
[2025-05-17T00:05:01.263+0000] {logging_mixin.py:188} WARNING - /home/airflow/.local/lib/python3.11/site-packages/airflow/settings.py:195 DeprecationWarning: The sql_alchemy_conn option in [core] has been moved to the sql_alchemy_conn option in [database] - the old setting has been used, but please update your config.
[2025-05-17T00:05:01.277+0000] {task_command.py:423} INFO - Running <TaskInstance: etl_postgres_to_duckdb.run_etl_script scheduled__2025-05-16T23:00:00+00:00 [running]> on host 5f495f717811
[2025-05-17T00:05:01.303+0000] {taskinstance.py:2481} INFO - Exporting env vars: AIRFLOW_CTX_DAG_OWNER='airflow' AIRFLOW_CTX_DAG_ID='etl_postgres_to_duckdb' AIRFLOW_CTX_TASK_ID='run_etl_script' AIRFLOW_CTX_EXECUTION_DATE='2025-05-16T23:00:00+00:00' AIRFLOW_CTX_TRY_NUMBER='2' AIRFLOW_CTX_DAG_RUN_ID='scheduled__2025-05-16T23:00:00+00:00'
[2025-05-17T00:05:01.303+0000] {subprocess.py:63} INFO - Tmp dir root location: /tmp
[2025-05-17T00:05:01.304+0000] {subprocess.py:75} INFO - Running command: ['/usr/bin/bash', '-c', 'python /opt/airflow/etl/etl_postgres_to_duckdb.py']
[2025-05-17T00:05:01.306+0000] {subprocess.py:86} INFO - Output:
[2025-05-17T00:05:01.334+0000] {subprocess.py:93} INFO - Extracting data from Postgres...
[2025-05-17T00:05:01.334+0000] {subprocess.py:93} INFO - Traceback (most recent call last):
[2025-05-17T00:05:01.334+0000] {subprocess.py:93} INFO -   File "/opt/airflow/etl/etl_postgres_to_duckdb.py", line 47, in <module>
[2025-05-17T00:05:01.335+0000] {subprocess.py:93} INFO -     data = extract_from_postgres()
[2025-05-17T00:05:01.337+0000] {subprocess.py:93} INFO -            ^^^^^^^^^^^^^^^^^^^^^^^
[2025-05-17T00:05:01.337+0000] {subprocess.py:93} INFO -   File "/opt/airflow/etl/etl_postgres_to_duckdb.py", line 16, in extract_from_postgres
[2025-05-17T00:05:01.337+0000] {subprocess.py:93} INFO -     conn = psycopg2.connect(
[2025-05-17T00:05:01.337+0000] {subprocess.py:93} INFO -            ^^^^^^^^^^^^^^^^^
[2025-05-17T00:05:01.337+0000] {subprocess.py:93} INFO -   File "/home/airflow/.local/lib/python3.11/site-packages/psycopg2/__init__.py", line 122, in connect
[2025-05-17T00:05:01.337+0000] {subprocess.py:93} INFO -     conn = _connect(dsn, connection_factory=connection_factory, **kwasync)
[2025-05-17T00:05:01.337+0000] {subprocess.py:93} INFO -            ^^^^^^^^^^^^^^^^^^^^^^^^^^^^^^^^^^^^^^^^^^^^^^^^^^^^^^^^^^^^^^^
[2025-05-17T00:05:01.337+0000] {subprocess.py:93} INFO - psycopg2.OperationalError: connection to server at "localhost" (::1), port 5432 failed: Connection refused
[2025-05-17T00:05:01.337+0000] {subprocess.py:93} INFO - 	Is the server running on that host and accepting TCP/IP connections?
[2025-05-17T00:05:01.337+0000] {subprocess.py:93} INFO - connection to server at "localhost" (127.0.0.1), port 5432 failed: Connection refused
[2025-05-17T00:05:01.337+0000] {subprocess.py:93} INFO - 	Is the server running on that host and accepting TCP/IP connections?
[2025-05-17T00:05:01.338+0000] {subprocess.py:93} INFO - 
[2025-05-17T00:05:01.338+0000] {subprocess.py:97} INFO - Command exited with return code 1
[2025-05-17T00:05:01.342+0000] {taskinstance.py:2699} ERROR - Task failed with exception
Traceback (most recent call last):
  File "/home/airflow/.local/lib/python3.11/site-packages/airflow/models/taskinstance.py", line 433, in _execute_task
    result = execute_callable(context=context, **execute_callable_kwargs)
             ^^^^^^^^^^^^^^^^^^^^^^^^^^^^^^^^^^^^^^^^^^^^^^^^^^^^^^^^^^^^
  File "/home/airflow/.local/lib/python3.11/site-packages/airflow/operators/bash.py", line 212, in execute
    raise AirflowException(
airflow.exceptions.AirflowException: Bash command failed. The command returned a non-zero exit code 1.
[2025-05-17T00:05:01.344+0000] {taskinstance.py:1138} INFO - Marking task as FAILED. dag_id=etl_postgres_to_duckdb, task_id=run_etl_script, execution_date=20250516T230000, start_date=20250517T000501, end_date=20250517T000501
[2025-05-17T00:05:01.347+0000] {standard_task_runner.py:107} ERROR - Failed to execute job 7 for task run_etl_script (Bash command failed. The command returned a non-zero exit code 1.; 495)
[2025-05-17T00:05:01.355+0000] {local_task_job_runner.py:234} INFO - Task exited with return code 1
[2025-05-17T00:05:01.361+0000] {taskinstance.py:3281} INFO - 0 downstream tasks scheduled from follow-on schedule check
