[2025-05-17T02:12:21.484+0000] {taskinstance.py:1957} INFO - Dependencies all met for dep_context=non-requeueable deps ti=<TaskInstance: etl_postgres_to_duckdb.run_etl_script scheduled__2025-05-17T01:00:00+00:00 [queued]>
[2025-05-17T02:12:21.488+0000] {taskinstance.py:1957} INFO - Dependencies all met for dep_context=requeueable deps ti=<TaskInstance: etl_postgres_to_duckdb.run_etl_script scheduled__2025-05-17T01:00:00+00:00 [queued]>
[2025-05-17T02:12:21.488+0000] {taskinstance.py:2171} INFO - Starting attempt 1 of 2
[2025-05-17T02:12:21.495+0000] {taskinstance.py:2192} INFO - Executing <Task(BashOperator): run_etl_script> on 2025-05-17 01:00:00+00:00
[2025-05-17T02:12:21.500+0000] {standard_task_runner.py:60} INFO - Started process 867 to run task
[2025-05-17T02:12:21.503+0000] {standard_task_runner.py:87} INFO - Running: ['airflow', 'tasks', 'run', 'etl_postgres_to_duckdb', 'run_etl_script', 'scheduled__2025-05-17T01:00:00+00:00', '--job-id', '11', '--raw', '--subdir', 'DAGS_FOLDER/etl_postgres_to_duckdb.py', '--cfg-path', '/tmp/tmp5qba054r']
[2025-05-17T02:12:21.506+0000] {standard_task_runner.py:88} INFO - Job 11: Subtask run_etl_script
[2025-05-17T02:12:21.522+0000] {logging_mixin.py:188} WARNING - /home/airflow/.local/lib/python3.11/site-packages/airflow/settings.py:195 DeprecationWarning: The sql_alchemy_conn option in [core] has been moved to the sql_alchemy_conn option in [database] - the old setting has been used, but please update your config.
[2025-05-17T02:12:21.550+0000] {task_command.py:423} INFO - Running <TaskInstance: etl_postgres_to_duckdb.run_etl_script scheduled__2025-05-17T01:00:00+00:00 [running]> on host faeef5a3c098
[2025-05-17T02:12:21.603+0000] {taskinstance.py:2481} INFO - Exporting env vars: AIRFLOW_CTX_DAG_OWNER='airflow' AIRFLOW_CTX_DAG_ID='etl_postgres_to_duckdb' AIRFLOW_CTX_TASK_ID='run_etl_script' AIRFLOW_CTX_EXECUTION_DATE='2025-05-17T01:00:00+00:00' AIRFLOW_CTX_TRY_NUMBER='1' AIRFLOW_CTX_DAG_RUN_ID='scheduled__2025-05-17T01:00:00+00:00'
[2025-05-17T02:12:21.605+0000] {subprocess.py:63} INFO - Tmp dir root location: /tmp
[2025-05-17T02:12:21.606+0000] {subprocess.py:75} INFO - Running command: ['/usr/bin/bash', '-c', 'python /opt/airflow/etl/etl_postgres_to_duckdb.py']
[2025-05-17T02:12:21.614+0000] {subprocess.py:86} INFO - Output:
[2025-05-17T02:12:21.717+0000] {subprocess.py:93} INFO - Checking last timestamp in DuckDB...
[2025-05-17T02:12:21.718+0000] {subprocess.py:93} INFO - Last timestamp: 2025-05-17 00:49:59.953057+00:00
[2025-05-17T02:12:21.719+0000] {subprocess.py:93} INFO - Extracting new data from Postgres...
[2025-05-17T02:12:21.719+0000] {subprocess.py:93} INFO - Fetched 0 new rows.
[2025-05-17T02:12:21.719+0000] {subprocess.py:93} INFO - Loading new data into DuckDB...
[2025-05-17T02:12:21.719+0000] {subprocess.py:93} INFO - No new rows to insert.
[2025-05-17T02:12:21.720+0000] {subprocess.py:93} INFO - Done!
[2025-05-17T02:12:21.725+0000] {subprocess.py:97} INFO - Command exited with return code 0
[2025-05-17T02:12:21.739+0000] {taskinstance.py:1138} INFO - Marking task as SUCCESS. dag_id=etl_postgres_to_duckdb, task_id=run_etl_script, execution_date=20250517T010000, start_date=20250517T021221, end_date=20250517T021221
[2025-05-17T02:12:21.776+0000] {local_task_job_runner.py:234} INFO - Task exited with return code 0
[2025-05-17T02:12:21.785+0000] {taskinstance.py:3281} INFO - 0 downstream tasks scheduled from follow-on schedule check
