[2025-05-16T23:33:42.646+0000] {processor.py:161} INFO - Started process (PID=164) to work on /opt/airflow/dags/etl_postgres_to_duckdb.py
[2025-05-16T23:33:42.646+0000] {processor.py:830} INFO - Processing file /opt/airflow/dags/etl_postgres_to_duckdb.py for tasks to queue
[2025-05-16T23:33:42.646+0000] {logging_mixin.py:188} INFO - [2025-05-16T23:33:42.646+0000] {dagbag.py:538} INFO - Filling up the DagBag from /opt/airflow/dags/etl_postgres_to_duckdb.py
[2025-05-16T23:33:42.657+0000] {processor.py:840} INFO - DAG(s) 'etl_postgres_to_duckdb' retrieved from /opt/airflow/dags/etl_postgres_to_duckdb.py
[2025-05-16T23:33:42.751+0000] {logging_mixin.py:188} INFO - [2025-05-16T23:33:42.751+0000] {override.py:1769} INFO - Created Permission View: can edit on DAG:etl_postgres_to_duckdb
[2025-05-16T23:33:42.754+0000] {logging_mixin.py:188} INFO - [2025-05-16T23:33:42.754+0000] {override.py:1769} INFO - Created Permission View: can read on DAG:etl_postgres_to_duckdb
[2025-05-16T23:33:42.755+0000] {logging_mixin.py:188} INFO - [2025-05-16T23:33:42.755+0000] {override.py:1769} INFO - Created Permission View: can delete on DAG:etl_postgres_to_duckdb
[2025-05-16T23:33:42.756+0000] {logging_mixin.py:188} INFO - [2025-05-16T23:33:42.756+0000] {dag.py:3033} INFO - Sync 1 DAGs
[2025-05-16T23:33:42.759+0000] {logging_mixin.py:188} INFO - [2025-05-16T23:33:42.759+0000] {dag.py:3055} INFO - Creating ORM DAG for etl_postgres_to_duckdb
[2025-05-16T23:33:42.764+0000] {logging_mixin.py:188} INFO - [2025-05-16T23:33:42.764+0000] {dag.py:3820} INFO - Setting next_dagrun for etl_postgres_to_duckdb to 2025-05-16T22:00:00+00:00, run_after=2025-05-16T23:00:00+00:00
[2025-05-16T23:33:42.768+0000] {processor.py:183} INFO - Processing /opt/airflow/dags/etl_postgres_to_duckdb.py took 0.126 seconds
[2025-05-16T23:34:12.877+0000] {processor.py:161} INFO - Started process (PID=169) to work on /opt/airflow/dags/etl_postgres_to_duckdb.py
[2025-05-16T23:34:12.878+0000] {processor.py:830} INFO - Processing file /opt/airflow/dags/etl_postgres_to_duckdb.py for tasks to queue
[2025-05-16T23:34:12.879+0000] {logging_mixin.py:188} INFO - [2025-05-16T23:34:12.878+0000] {dagbag.py:538} INFO - Filling up the DagBag from /opt/airflow/dags/etl_postgres_to_duckdb.py
[2025-05-16T23:34:12.891+0000] {processor.py:840} INFO - DAG(s) 'etl_postgres_to_duckdb' retrieved from /opt/airflow/dags/etl_postgres_to_duckdb.py
[2025-05-16T23:34:12.911+0000] {logging_mixin.py:188} INFO - [2025-05-16T23:34:12.911+0000] {dag.py:3033} INFO - Sync 1 DAGs
[2025-05-16T23:34:12.923+0000] {logging_mixin.py:188} INFO - [2025-05-16T23:34:12.923+0000] {dag.py:3820} INFO - Setting next_dagrun for etl_postgres_to_duckdb to 2025-05-16T22:00:00+00:00, run_after=2025-05-16T23:00:00+00:00
[2025-05-16T23:34:12.931+0000] {processor.py:183} INFO - Processing /opt/airflow/dags/etl_postgres_to_duckdb.py took 0.057 seconds
[2025-05-16T23:34:43.119+0000] {processor.py:161} INFO - Started process (PID=174) to work on /opt/airflow/dags/etl_postgres_to_duckdb.py
[2025-05-16T23:34:43.120+0000] {processor.py:830} INFO - Processing file /opt/airflow/dags/etl_postgres_to_duckdb.py for tasks to queue
[2025-05-16T23:34:43.120+0000] {logging_mixin.py:188} INFO - [2025-05-16T23:34:43.120+0000] {dagbag.py:538} INFO - Filling up the DagBag from /opt/airflow/dags/etl_postgres_to_duckdb.py
[2025-05-16T23:34:43.131+0000] {processor.py:840} INFO - DAG(s) 'etl_postgres_to_duckdb' retrieved from /opt/airflow/dags/etl_postgres_to_duckdb.py
[2025-05-16T23:34:43.148+0000] {logging_mixin.py:188} INFO - [2025-05-16T23:34:43.148+0000] {dag.py:3033} INFO - Sync 1 DAGs
[2025-05-16T23:34:43.157+0000] {logging_mixin.py:188} INFO - [2025-05-16T23:34:43.157+0000] {dag.py:3820} INFO - Setting next_dagrun for etl_postgres_to_duckdb to 2025-05-16T22:00:00+00:00, run_after=2025-05-16T23:00:00+00:00
[2025-05-16T23:34:43.163+0000] {processor.py:183} INFO - Processing /opt/airflow/dags/etl_postgres_to_duckdb.py took 0.047 seconds
[2025-05-16T23:35:13.399+0000] {processor.py:161} INFO - Started process (PID=179) to work on /opt/airflow/dags/etl_postgres_to_duckdb.py
[2025-05-16T23:35:13.399+0000] {processor.py:830} INFO - Processing file /opt/airflow/dags/etl_postgres_to_duckdb.py for tasks to queue
[2025-05-16T23:35:13.400+0000] {logging_mixin.py:188} INFO - [2025-05-16T23:35:13.399+0000] {dagbag.py:538} INFO - Filling up the DagBag from /opt/airflow/dags/etl_postgres_to_duckdb.py
[2025-05-16T23:35:13.407+0000] {processor.py:840} INFO - DAG(s) 'etl_postgres_to_duckdb' retrieved from /opt/airflow/dags/etl_postgres_to_duckdb.py
[2025-05-16T23:35:13.422+0000] {logging_mixin.py:188} INFO - [2025-05-16T23:35:13.422+0000] {dag.py:3033} INFO - Sync 1 DAGs
[2025-05-16T23:35:13.431+0000] {logging_mixin.py:188} INFO - [2025-05-16T23:35:13.431+0000] {dag.py:3820} INFO - Setting next_dagrun for etl_postgres_to_duckdb to 2025-05-16T22:00:00+00:00, run_after=2025-05-16T23:00:00+00:00
[2025-05-16T23:35:13.437+0000] {processor.py:183} INFO - Processing /opt/airflow/dags/etl_postgres_to_duckdb.py took 0.040 seconds
[2025-05-16T23:35:43.662+0000] {processor.py:161} INFO - Started process (PID=184) to work on /opt/airflow/dags/etl_postgres_to_duckdb.py
[2025-05-16T23:35:43.663+0000] {processor.py:830} INFO - Processing file /opt/airflow/dags/etl_postgres_to_duckdb.py for tasks to queue
[2025-05-16T23:35:43.663+0000] {logging_mixin.py:188} INFO - [2025-05-16T23:35:43.663+0000] {dagbag.py:538} INFO - Filling up the DagBag from /opt/airflow/dags/etl_postgres_to_duckdb.py
[2025-05-16T23:35:43.674+0000] {processor.py:840} INFO - DAG(s) 'etl_postgres_to_duckdb' retrieved from /opt/airflow/dags/etl_postgres_to_duckdb.py
[2025-05-16T23:35:43.689+0000] {logging_mixin.py:188} INFO - [2025-05-16T23:35:43.689+0000] {dag.py:3033} INFO - Sync 1 DAGs
[2025-05-16T23:35:43.698+0000] {logging_mixin.py:188} INFO - [2025-05-16T23:35:43.698+0000] {dag.py:3820} INFO - Setting next_dagrun for etl_postgres_to_duckdb to 2025-05-16T22:00:00+00:00, run_after=2025-05-16T23:00:00+00:00
[2025-05-16T23:35:43.705+0000] {processor.py:183} INFO - Processing /opt/airflow/dags/etl_postgres_to_duckdb.py took 0.047 seconds
[2025-05-16T23:36:13.891+0000] {processor.py:161} INFO - Started process (PID=189) to work on /opt/airflow/dags/etl_postgres_to_duckdb.py
[2025-05-16T23:36:13.891+0000] {processor.py:830} INFO - Processing file /opt/airflow/dags/etl_postgres_to_duckdb.py for tasks to queue
[2025-05-16T23:36:13.892+0000] {logging_mixin.py:188} INFO - [2025-05-16T23:36:13.892+0000] {dagbag.py:538} INFO - Filling up the DagBag from /opt/airflow/dags/etl_postgres_to_duckdb.py
[2025-05-16T23:36:13.900+0000] {processor.py:840} INFO - DAG(s) 'etl_postgres_to_duckdb' retrieved from /opt/airflow/dags/etl_postgres_to_duckdb.py
[2025-05-16T23:36:13.914+0000] {logging_mixin.py:188} INFO - [2025-05-16T23:36:13.914+0000] {dag.py:3033} INFO - Sync 1 DAGs
[2025-05-16T23:36:13.924+0000] {logging_mixin.py:188} INFO - [2025-05-16T23:36:13.924+0000] {dag.py:3820} INFO - Setting next_dagrun for etl_postgres_to_duckdb to 2025-05-16T22:00:00+00:00, run_after=2025-05-16T23:00:00+00:00
[2025-05-16T23:36:13.930+0000] {processor.py:183} INFO - Processing /opt/airflow/dags/etl_postgres_to_duckdb.py took 0.041 seconds
[2025-05-16T23:36:44.151+0000] {processor.py:161} INFO - Started process (PID=200) to work on /opt/airflow/dags/etl_postgres_to_duckdb.py
[2025-05-16T23:36:44.152+0000] {processor.py:830} INFO - Processing file /opt/airflow/dags/etl_postgres_to_duckdb.py for tasks to queue
[2025-05-16T23:36:44.152+0000] {logging_mixin.py:188} INFO - [2025-05-16T23:36:44.152+0000] {dagbag.py:538} INFO - Filling up the DagBag from /opt/airflow/dags/etl_postgres_to_duckdb.py
[2025-05-16T23:36:44.159+0000] {processor.py:840} INFO - DAG(s) 'etl_postgres_to_duckdb' retrieved from /opt/airflow/dags/etl_postgres_to_duckdb.py
[2025-05-16T23:36:44.172+0000] {logging_mixin.py:188} INFO - [2025-05-16T23:36:44.172+0000] {dag.py:3033} INFO - Sync 1 DAGs
[2025-05-16T23:36:44.182+0000] {logging_mixin.py:188} INFO - [2025-05-16T23:36:44.182+0000] {dag.py:3820} INFO - Setting next_dagrun for etl_postgres_to_duckdb to 2025-05-16T23:00:00+00:00, run_after=2025-05-17T00:00:00+00:00
[2025-05-16T23:36:44.189+0000] {processor.py:183} INFO - Processing /opt/airflow/dags/etl_postgres_to_duckdb.py took 0.040 seconds
[2025-05-16T23:37:14.396+0000] {processor.py:161} INFO - Started process (PID=205) to work on /opt/airflow/dags/etl_postgres_to_duckdb.py
[2025-05-16T23:37:14.396+0000] {processor.py:830} INFO - Processing file /opt/airflow/dags/etl_postgres_to_duckdb.py for tasks to queue
[2025-05-16T23:37:14.396+0000] {logging_mixin.py:188} INFO - [2025-05-16T23:37:14.396+0000] {dagbag.py:538} INFO - Filling up the DagBag from /opt/airflow/dags/etl_postgres_to_duckdb.py
[2025-05-16T23:37:14.402+0000] {processor.py:840} INFO - DAG(s) 'etl_postgres_to_duckdb' retrieved from /opt/airflow/dags/etl_postgres_to_duckdb.py
[2025-05-16T23:37:14.414+0000] {logging_mixin.py:188} INFO - [2025-05-16T23:37:14.414+0000] {dag.py:3033} INFO - Sync 1 DAGs
[2025-05-16T23:37:14.423+0000] {logging_mixin.py:188} INFO - [2025-05-16T23:37:14.423+0000] {dag.py:3820} INFO - Setting next_dagrun for etl_postgres_to_duckdb to 2025-05-16T23:00:00+00:00, run_after=2025-05-17T00:00:00+00:00
[2025-05-16T23:37:14.429+0000] {processor.py:183} INFO - Processing /opt/airflow/dags/etl_postgres_to_duckdb.py took 0.035 seconds
[2025-05-16T23:37:44.608+0000] {processor.py:161} INFO - Started process (PID=210) to work on /opt/airflow/dags/etl_postgres_to_duckdb.py
[2025-05-16T23:37:44.608+0000] {processor.py:830} INFO - Processing file /opt/airflow/dags/etl_postgres_to_duckdb.py for tasks to queue
[2025-05-16T23:37:44.608+0000] {logging_mixin.py:188} INFO - [2025-05-16T23:37:44.608+0000] {dagbag.py:538} INFO - Filling up the DagBag from /opt/airflow/dags/etl_postgres_to_duckdb.py
[2025-05-16T23:37:44.615+0000] {processor.py:840} INFO - DAG(s) 'etl_postgres_to_duckdb' retrieved from /opt/airflow/dags/etl_postgres_to_duckdb.py
[2025-05-16T23:37:44.628+0000] {logging_mixin.py:188} INFO - [2025-05-16T23:37:44.628+0000] {dag.py:3033} INFO - Sync 1 DAGs
[2025-05-16T23:37:44.637+0000] {logging_mixin.py:188} INFO - [2025-05-16T23:37:44.637+0000] {dag.py:3820} INFO - Setting next_dagrun for etl_postgres_to_duckdb to 2025-05-16T23:00:00+00:00, run_after=2025-05-17T00:00:00+00:00
[2025-05-16T23:37:44.644+0000] {processor.py:183} INFO - Processing /opt/airflow/dags/etl_postgres_to_duckdb.py took 0.038 seconds
[2025-05-16T23:38:14.875+0000] {processor.py:161} INFO - Started process (PID=215) to work on /opt/airflow/dags/etl_postgres_to_duckdb.py
[2025-05-16T23:38:14.875+0000] {processor.py:830} INFO - Processing file /opt/airflow/dags/etl_postgres_to_duckdb.py for tasks to queue
[2025-05-16T23:38:14.876+0000] {logging_mixin.py:188} INFO - [2025-05-16T23:38:14.876+0000] {dagbag.py:538} INFO - Filling up the DagBag from /opt/airflow/dags/etl_postgres_to_duckdb.py
[2025-05-16T23:38:14.887+0000] {processor.py:840} INFO - DAG(s) 'etl_postgres_to_duckdb' retrieved from /opt/airflow/dags/etl_postgres_to_duckdb.py
[2025-05-16T23:38:14.903+0000] {logging_mixin.py:188} INFO - [2025-05-16T23:38:14.903+0000] {dag.py:3033} INFO - Sync 1 DAGs
[2025-05-16T23:38:14.913+0000] {logging_mixin.py:188} INFO - [2025-05-16T23:38:14.913+0000] {dag.py:3820} INFO - Setting next_dagrun for etl_postgres_to_duckdb to 2025-05-16T23:00:00+00:00, run_after=2025-05-17T00:00:00+00:00
[2025-05-16T23:38:14.919+0000] {processor.py:183} INFO - Processing /opt/airflow/dags/etl_postgres_to_duckdb.py took 0.048 seconds
[2025-05-16T23:38:45.105+0000] {processor.py:161} INFO - Started process (PID=220) to work on /opt/airflow/dags/etl_postgres_to_duckdb.py
[2025-05-16T23:38:45.106+0000] {processor.py:830} INFO - Processing file /opt/airflow/dags/etl_postgres_to_duckdb.py for tasks to queue
[2025-05-16T23:38:45.106+0000] {logging_mixin.py:188} INFO - [2025-05-16T23:38:45.106+0000] {dagbag.py:538} INFO - Filling up the DagBag from /opt/airflow/dags/etl_postgres_to_duckdb.py
[2025-05-16T23:38:45.113+0000] {processor.py:840} INFO - DAG(s) 'etl_postgres_to_duckdb' retrieved from /opt/airflow/dags/etl_postgres_to_duckdb.py
[2025-05-16T23:38:45.127+0000] {logging_mixin.py:188} INFO - [2025-05-16T23:38:45.126+0000] {dag.py:3033} INFO - Sync 1 DAGs
[2025-05-16T23:38:45.136+0000] {logging_mixin.py:188} INFO - [2025-05-16T23:38:45.136+0000] {dag.py:3820} INFO - Setting next_dagrun for etl_postgres_to_duckdb to 2025-05-16T23:00:00+00:00, run_after=2025-05-17T00:00:00+00:00
[2025-05-16T23:38:45.142+0000] {processor.py:183} INFO - Processing /opt/airflow/dags/etl_postgres_to_duckdb.py took 0.038 seconds
[2025-05-16T23:39:15.407+0000] {processor.py:161} INFO - Started process (PID=225) to work on /opt/airflow/dags/etl_postgres_to_duckdb.py
[2025-05-16T23:39:15.407+0000] {processor.py:830} INFO - Processing file /opt/airflow/dags/etl_postgres_to_duckdb.py for tasks to queue
[2025-05-16T23:39:15.408+0000] {logging_mixin.py:188} INFO - [2025-05-16T23:39:15.408+0000] {dagbag.py:538} INFO - Filling up the DagBag from /opt/airflow/dags/etl_postgres_to_duckdb.py
[2025-05-16T23:39:15.416+0000] {processor.py:840} INFO - DAG(s) 'etl_postgres_to_duckdb' retrieved from /opt/airflow/dags/etl_postgres_to_duckdb.py
[2025-05-16T23:39:15.430+0000] {logging_mixin.py:188} INFO - [2025-05-16T23:39:15.430+0000] {dag.py:3033} INFO - Sync 1 DAGs
[2025-05-16T23:39:15.440+0000] {logging_mixin.py:188} INFO - [2025-05-16T23:39:15.440+0000] {dag.py:3820} INFO - Setting next_dagrun for etl_postgres_to_duckdb to 2025-05-16T23:00:00+00:00, run_after=2025-05-17T00:00:00+00:00
[2025-05-16T23:39:15.447+0000] {processor.py:183} INFO - Processing /opt/airflow/dags/etl_postgres_to_duckdb.py took 0.042 seconds
[2025-05-16T23:39:45.684+0000] {processor.py:161} INFO - Started process (PID=230) to work on /opt/airflow/dags/etl_postgres_to_duckdb.py
[2025-05-16T23:39:45.685+0000] {processor.py:830} INFO - Processing file /opt/airflow/dags/etl_postgres_to_duckdb.py for tasks to queue
[2025-05-16T23:39:45.685+0000] {logging_mixin.py:188} INFO - [2025-05-16T23:39:45.685+0000] {dagbag.py:538} INFO - Filling up the DagBag from /opt/airflow/dags/etl_postgres_to_duckdb.py
[2025-05-16T23:39:45.696+0000] {processor.py:840} INFO - DAG(s) 'etl_postgres_to_duckdb' retrieved from /opt/airflow/dags/etl_postgres_to_duckdb.py
[2025-05-16T23:39:45.712+0000] {logging_mixin.py:188} INFO - [2025-05-16T23:39:45.712+0000] {dag.py:3033} INFO - Sync 1 DAGs
[2025-05-16T23:39:45.724+0000] {logging_mixin.py:188} INFO - [2025-05-16T23:39:45.724+0000] {dag.py:3820} INFO - Setting next_dagrun for etl_postgres_to_duckdb to 2025-05-16T23:00:00+00:00, run_after=2025-05-17T00:00:00+00:00
[2025-05-16T23:39:45.731+0000] {processor.py:183} INFO - Processing /opt/airflow/dags/etl_postgres_to_duckdb.py took 0.049 seconds
[2025-05-16T23:40:15.940+0000] {processor.py:161} INFO - Started process (PID=235) to work on /opt/airflow/dags/etl_postgres_to_duckdb.py
[2025-05-16T23:40:15.940+0000] {processor.py:830} INFO - Processing file /opt/airflow/dags/etl_postgres_to_duckdb.py for tasks to queue
[2025-05-16T23:40:15.941+0000] {logging_mixin.py:188} INFO - [2025-05-16T23:40:15.941+0000] {dagbag.py:538} INFO - Filling up the DagBag from /opt/airflow/dags/etl_postgres_to_duckdb.py
[2025-05-16T23:40:15.949+0000] {processor.py:840} INFO - DAG(s) 'etl_postgres_to_duckdb' retrieved from /opt/airflow/dags/etl_postgres_to_duckdb.py
[2025-05-16T23:40:15.964+0000] {logging_mixin.py:188} INFO - [2025-05-16T23:40:15.964+0000] {dag.py:3033} INFO - Sync 1 DAGs
[2025-05-16T23:40:15.975+0000] {logging_mixin.py:188} INFO - [2025-05-16T23:40:15.974+0000] {dag.py:3820} INFO - Setting next_dagrun for etl_postgres_to_duckdb to 2025-05-16T23:00:00+00:00, run_after=2025-05-17T00:00:00+00:00
[2025-05-16T23:40:15.980+0000] {processor.py:183} INFO - Processing /opt/airflow/dags/etl_postgres_to_duckdb.py took 0.043 seconds
[2025-05-16T23:40:46.218+0000] {processor.py:161} INFO - Started process (PID=240) to work on /opt/airflow/dags/etl_postgres_to_duckdb.py
[2025-05-16T23:40:46.219+0000] {processor.py:830} INFO - Processing file /opt/airflow/dags/etl_postgres_to_duckdb.py for tasks to queue
[2025-05-16T23:40:46.220+0000] {logging_mixin.py:188} INFO - [2025-05-16T23:40:46.219+0000] {dagbag.py:538} INFO - Filling up the DagBag from /opt/airflow/dags/etl_postgres_to_duckdb.py
[2025-05-16T23:40:46.228+0000] {processor.py:840} INFO - DAG(s) 'etl_postgres_to_duckdb' retrieved from /opt/airflow/dags/etl_postgres_to_duckdb.py
[2025-05-16T23:40:46.242+0000] {logging_mixin.py:188} INFO - [2025-05-16T23:40:46.242+0000] {dag.py:3033} INFO - Sync 1 DAGs
[2025-05-16T23:40:46.253+0000] {logging_mixin.py:188} INFO - [2025-05-16T23:40:46.253+0000] {dag.py:3820} INFO - Setting next_dagrun for etl_postgres_to_duckdb to 2025-05-16T23:00:00+00:00, run_after=2025-05-17T00:00:00+00:00
[2025-05-16T23:40:46.259+0000] {processor.py:183} INFO - Processing /opt/airflow/dags/etl_postgres_to_duckdb.py took 0.043 seconds
[2025-05-16T23:41:16.526+0000] {processor.py:161} INFO - Started process (PID=245) to work on /opt/airflow/dags/etl_postgres_to_duckdb.py
[2025-05-16T23:41:16.527+0000] {processor.py:830} INFO - Processing file /opt/airflow/dags/etl_postgres_to_duckdb.py for tasks to queue
[2025-05-16T23:41:16.527+0000] {logging_mixin.py:188} INFO - [2025-05-16T23:41:16.527+0000] {dagbag.py:538} INFO - Filling up the DagBag from /opt/airflow/dags/etl_postgres_to_duckdb.py
[2025-05-16T23:41:16.536+0000] {processor.py:840} INFO - DAG(s) 'etl_postgres_to_duckdb' retrieved from /opt/airflow/dags/etl_postgres_to_duckdb.py
[2025-05-16T23:41:16.549+0000] {logging_mixin.py:188} INFO - [2025-05-16T23:41:16.549+0000] {dag.py:3033} INFO - Sync 1 DAGs
[2025-05-16T23:41:16.558+0000] {logging_mixin.py:188} INFO - [2025-05-16T23:41:16.558+0000] {dag.py:3820} INFO - Setting next_dagrun for etl_postgres_to_duckdb to 2025-05-16T23:00:00+00:00, run_after=2025-05-17T00:00:00+00:00
[2025-05-16T23:41:16.565+0000] {processor.py:183} INFO - Processing /opt/airflow/dags/etl_postgres_to_duckdb.py took 0.040 seconds
[2025-05-16T23:41:46.772+0000] {processor.py:161} INFO - Started process (PID=256) to work on /opt/airflow/dags/etl_postgres_to_duckdb.py
[2025-05-16T23:41:46.772+0000] {processor.py:830} INFO - Processing file /opt/airflow/dags/etl_postgres_to_duckdb.py for tasks to queue
[2025-05-16T23:41:46.773+0000] {logging_mixin.py:188} INFO - [2025-05-16T23:41:46.773+0000] {dagbag.py:538} INFO - Filling up the DagBag from /opt/airflow/dags/etl_postgres_to_duckdb.py
[2025-05-16T23:41:46.782+0000] {processor.py:840} INFO - DAG(s) 'etl_postgres_to_duckdb' retrieved from /opt/airflow/dags/etl_postgres_to_duckdb.py
[2025-05-16T23:41:46.794+0000] {logging_mixin.py:188} INFO - [2025-05-16T23:41:46.794+0000] {dag.py:3033} INFO - Sync 1 DAGs
[2025-05-16T23:41:46.804+0000] {logging_mixin.py:188} INFO - [2025-05-16T23:41:46.804+0000] {dag.py:3820} INFO - Setting next_dagrun for etl_postgres_to_duckdb to 2025-05-16T23:00:00+00:00, run_after=2025-05-17T00:00:00+00:00
[2025-05-16T23:41:46.810+0000] {processor.py:183} INFO - Processing /opt/airflow/dags/etl_postgres_to_duckdb.py took 0.040 seconds
[2025-05-16T23:42:17.037+0000] {processor.py:161} INFO - Started process (PID=261) to work on /opt/airflow/dags/etl_postgres_to_duckdb.py
[2025-05-16T23:42:17.038+0000] {processor.py:830} INFO - Processing file /opt/airflow/dags/etl_postgres_to_duckdb.py for tasks to queue
[2025-05-16T23:42:17.038+0000] {logging_mixin.py:188} INFO - [2025-05-16T23:42:17.038+0000] {dagbag.py:538} INFO - Filling up the DagBag from /opt/airflow/dags/etl_postgres_to_duckdb.py
[2025-05-16T23:42:17.047+0000] {processor.py:840} INFO - DAG(s) 'etl_postgres_to_duckdb' retrieved from /opt/airflow/dags/etl_postgres_to_duckdb.py
[2025-05-16T23:42:17.062+0000] {logging_mixin.py:188} INFO - [2025-05-16T23:42:17.062+0000] {dag.py:3033} INFO - Sync 1 DAGs
[2025-05-16T23:42:17.073+0000] {logging_mixin.py:188} INFO - [2025-05-16T23:42:17.073+0000] {dag.py:3820} INFO - Setting next_dagrun for etl_postgres_to_duckdb to 2025-05-16T23:00:00+00:00, run_after=2025-05-17T00:00:00+00:00
[2025-05-16T23:42:17.081+0000] {processor.py:183} INFO - Processing /opt/airflow/dags/etl_postgres_to_duckdb.py took 0.046 seconds
[2025-05-16T23:42:47.325+0000] {processor.py:161} INFO - Started process (PID=266) to work on /opt/airflow/dags/etl_postgres_to_duckdb.py
[2025-05-16T23:42:47.326+0000] {processor.py:830} INFO - Processing file /opt/airflow/dags/etl_postgres_to_duckdb.py for tasks to queue
[2025-05-16T23:42:47.326+0000] {logging_mixin.py:188} INFO - [2025-05-16T23:42:47.326+0000] {dagbag.py:538} INFO - Filling up the DagBag from /opt/airflow/dags/etl_postgres_to_duckdb.py
[2025-05-16T23:42:47.334+0000] {processor.py:840} INFO - DAG(s) 'etl_postgres_to_duckdb' retrieved from /opt/airflow/dags/etl_postgres_to_duckdb.py
[2025-05-16T23:42:47.349+0000] {logging_mixin.py:188} INFO - [2025-05-16T23:42:47.349+0000] {dag.py:3033} INFO - Sync 1 DAGs
[2025-05-16T23:42:47.360+0000] {logging_mixin.py:188} INFO - [2025-05-16T23:42:47.360+0000] {dag.py:3820} INFO - Setting next_dagrun for etl_postgres_to_duckdb to 2025-05-16T23:00:00+00:00, run_after=2025-05-17T00:00:00+00:00
[2025-05-16T23:42:47.367+0000] {processor.py:183} INFO - Processing /opt/airflow/dags/etl_postgres_to_duckdb.py took 0.044 seconds
[2025-05-16T23:43:17.584+0000] {processor.py:161} INFO - Started process (PID=271) to work on /opt/airflow/dags/etl_postgres_to_duckdb.py
[2025-05-16T23:43:17.584+0000] {processor.py:830} INFO - Processing file /opt/airflow/dags/etl_postgres_to_duckdb.py for tasks to queue
[2025-05-16T23:43:17.585+0000] {logging_mixin.py:188} INFO - [2025-05-16T23:43:17.585+0000] {dagbag.py:538} INFO - Filling up the DagBag from /opt/airflow/dags/etl_postgres_to_duckdb.py
[2025-05-16T23:43:17.594+0000] {processor.py:840} INFO - DAG(s) 'etl_postgres_to_duckdb' retrieved from /opt/airflow/dags/etl_postgres_to_duckdb.py
[2025-05-16T23:43:17.608+0000] {logging_mixin.py:188} INFO - [2025-05-16T23:43:17.608+0000] {dag.py:3033} INFO - Sync 1 DAGs
[2025-05-16T23:43:17.618+0000] {logging_mixin.py:188} INFO - [2025-05-16T23:43:17.618+0000] {dag.py:3820} INFO - Setting next_dagrun for etl_postgres_to_duckdb to 2025-05-16T23:00:00+00:00, run_after=2025-05-17T00:00:00+00:00
[2025-05-16T23:43:17.625+0000] {processor.py:183} INFO - Processing /opt/airflow/dags/etl_postgres_to_duckdb.py took 0.043 seconds
[2025-05-16T23:43:47.842+0000] {processor.py:161} INFO - Started process (PID=276) to work on /opt/airflow/dags/etl_postgres_to_duckdb.py
[2025-05-16T23:43:47.842+0000] {processor.py:830} INFO - Processing file /opt/airflow/dags/etl_postgres_to_duckdb.py for tasks to queue
[2025-05-16T23:43:47.843+0000] {logging_mixin.py:188} INFO - [2025-05-16T23:43:47.842+0000] {dagbag.py:538} INFO - Filling up the DagBag from /opt/airflow/dags/etl_postgres_to_duckdb.py
[2025-05-16T23:43:47.851+0000] {processor.py:840} INFO - DAG(s) 'etl_postgres_to_duckdb' retrieved from /opt/airflow/dags/etl_postgres_to_duckdb.py
[2025-05-16T23:43:47.865+0000] {logging_mixin.py:188} INFO - [2025-05-16T23:43:47.864+0000] {dag.py:3033} INFO - Sync 1 DAGs
[2025-05-16T23:43:47.875+0000] {logging_mixin.py:188} INFO - [2025-05-16T23:43:47.875+0000] {dag.py:3820} INFO - Setting next_dagrun for etl_postgres_to_duckdb to 2025-05-16T23:00:00+00:00, run_after=2025-05-17T00:00:00+00:00
[2025-05-16T23:43:47.881+0000] {processor.py:183} INFO - Processing /opt/airflow/dags/etl_postgres_to_duckdb.py took 0.041 seconds
[2025-05-16T23:44:18.101+0000] {processor.py:161} INFO - Started process (PID=281) to work on /opt/airflow/dags/etl_postgres_to_duckdb.py
[2025-05-16T23:44:18.102+0000] {processor.py:830} INFO - Processing file /opt/airflow/dags/etl_postgres_to_duckdb.py for tasks to queue
[2025-05-16T23:44:18.102+0000] {logging_mixin.py:188} INFO - [2025-05-16T23:44:18.102+0000] {dagbag.py:538} INFO - Filling up the DagBag from /opt/airflow/dags/etl_postgres_to_duckdb.py
[2025-05-16T23:44:18.112+0000] {processor.py:840} INFO - DAG(s) 'etl_postgres_to_duckdb' retrieved from /opt/airflow/dags/etl_postgres_to_duckdb.py
[2025-05-16T23:44:18.126+0000] {logging_mixin.py:188} INFO - [2025-05-16T23:44:18.126+0000] {dag.py:3033} INFO - Sync 1 DAGs
[2025-05-16T23:44:18.136+0000] {logging_mixin.py:188} INFO - [2025-05-16T23:44:18.136+0000] {dag.py:3820} INFO - Setting next_dagrun for etl_postgres_to_duckdb to 2025-05-16T23:00:00+00:00, run_after=2025-05-17T00:00:00+00:00
[2025-05-16T23:44:18.142+0000] {processor.py:183} INFO - Processing /opt/airflow/dags/etl_postgres_to_duckdb.py took 0.043 seconds
[2025-05-16T23:44:48.367+0000] {processor.py:161} INFO - Started process (PID=286) to work on /opt/airflow/dags/etl_postgres_to_duckdb.py
[2025-05-16T23:44:48.368+0000] {processor.py:830} INFO - Processing file /opt/airflow/dags/etl_postgres_to_duckdb.py for tasks to queue
[2025-05-16T23:44:48.368+0000] {logging_mixin.py:188} INFO - [2025-05-16T23:44:48.368+0000] {dagbag.py:538} INFO - Filling up the DagBag from /opt/airflow/dags/etl_postgres_to_duckdb.py
[2025-05-16T23:44:48.378+0000] {processor.py:840} INFO - DAG(s) 'etl_postgres_to_duckdb' retrieved from /opt/airflow/dags/etl_postgres_to_duckdb.py
[2025-05-16T23:44:48.394+0000] {logging_mixin.py:188} INFO - [2025-05-16T23:44:48.394+0000] {dag.py:3033} INFO - Sync 1 DAGs
[2025-05-16T23:44:48.404+0000] {logging_mixin.py:188} INFO - [2025-05-16T23:44:48.404+0000] {dag.py:3820} INFO - Setting next_dagrun for etl_postgres_to_duckdb to 2025-05-16T23:00:00+00:00, run_after=2025-05-17T00:00:00+00:00
[2025-05-16T23:44:48.410+0000] {processor.py:183} INFO - Processing /opt/airflow/dags/etl_postgres_to_duckdb.py took 0.045 seconds
[2025-05-16T23:45:18.625+0000] {processor.py:161} INFO - Started process (PID=291) to work on /opt/airflow/dags/etl_postgres_to_duckdb.py
[2025-05-16T23:45:18.626+0000] {processor.py:830} INFO - Processing file /opt/airflow/dags/etl_postgres_to_duckdb.py for tasks to queue
[2025-05-16T23:45:18.626+0000] {logging_mixin.py:188} INFO - [2025-05-16T23:45:18.626+0000] {dagbag.py:538} INFO - Filling up the DagBag from /opt/airflow/dags/etl_postgres_to_duckdb.py
[2025-05-16T23:45:18.639+0000] {processor.py:840} INFO - DAG(s) 'etl_postgres_to_duckdb' retrieved from /opt/airflow/dags/etl_postgres_to_duckdb.py
[2025-05-16T23:45:18.654+0000] {logging_mixin.py:188} INFO - [2025-05-16T23:45:18.654+0000] {dag.py:3033} INFO - Sync 1 DAGs
[2025-05-16T23:45:18.665+0000] {logging_mixin.py:188} INFO - [2025-05-16T23:45:18.665+0000] {dag.py:3820} INFO - Setting next_dagrun for etl_postgres_to_duckdb to 2025-05-16T23:00:00+00:00, run_after=2025-05-17T00:00:00+00:00
[2025-05-16T23:45:18.672+0000] {processor.py:183} INFO - Processing /opt/airflow/dags/etl_postgres_to_duckdb.py took 0.050 seconds
[2025-05-16T23:45:48.877+0000] {processor.py:161} INFO - Started process (PID=296) to work on /opt/airflow/dags/etl_postgres_to_duckdb.py
[2025-05-16T23:45:48.878+0000] {processor.py:830} INFO - Processing file /opt/airflow/dags/etl_postgres_to_duckdb.py for tasks to queue
[2025-05-16T23:45:48.878+0000] {logging_mixin.py:188} INFO - [2025-05-16T23:45:48.878+0000] {dagbag.py:538} INFO - Filling up the DagBag from /opt/airflow/dags/etl_postgres_to_duckdb.py
[2025-05-16T23:45:48.887+0000] {processor.py:840} INFO - DAG(s) 'etl_postgres_to_duckdb' retrieved from /opt/airflow/dags/etl_postgres_to_duckdb.py
[2025-05-16T23:45:48.900+0000] {logging_mixin.py:188} INFO - [2025-05-16T23:45:48.900+0000] {dag.py:3033} INFO - Sync 1 DAGs
[2025-05-16T23:45:48.910+0000] {logging_mixin.py:188} INFO - [2025-05-16T23:45:48.910+0000] {dag.py:3820} INFO - Setting next_dagrun for etl_postgres_to_duckdb to 2025-05-16T23:00:00+00:00, run_after=2025-05-17T00:00:00+00:00
[2025-05-16T23:45:48.916+0000] {processor.py:183} INFO - Processing /opt/airflow/dags/etl_postgres_to_duckdb.py took 0.041 seconds
[2025-05-16T23:46:19.157+0000] {processor.py:161} INFO - Started process (PID=301) to work on /opt/airflow/dags/etl_postgres_to_duckdb.py
[2025-05-16T23:46:19.157+0000] {processor.py:830} INFO - Processing file /opt/airflow/dags/etl_postgres_to_duckdb.py for tasks to queue
[2025-05-16T23:46:19.158+0000] {logging_mixin.py:188} INFO - [2025-05-16T23:46:19.158+0000] {dagbag.py:538} INFO - Filling up the DagBag from /opt/airflow/dags/etl_postgres_to_duckdb.py
[2025-05-16T23:46:19.167+0000] {processor.py:840} INFO - DAG(s) 'etl_postgres_to_duckdb' retrieved from /opt/airflow/dags/etl_postgres_to_duckdb.py
[2025-05-16T23:46:19.181+0000] {logging_mixin.py:188} INFO - [2025-05-16T23:46:19.180+0000] {dag.py:3033} INFO - Sync 1 DAGs
[2025-05-16T23:46:19.190+0000] {logging_mixin.py:188} INFO - [2025-05-16T23:46:19.190+0000] {dag.py:3820} INFO - Setting next_dagrun for etl_postgres_to_duckdb to 2025-05-16T23:00:00+00:00, run_after=2025-05-17T00:00:00+00:00
[2025-05-16T23:46:19.197+0000] {processor.py:183} INFO - Processing /opt/airflow/dags/etl_postgres_to_duckdb.py took 0.042 seconds
[2025-05-16T23:46:49.423+0000] {processor.py:161} INFO - Started process (PID=306) to work on /opt/airflow/dags/etl_postgres_to_duckdb.py
[2025-05-16T23:46:49.424+0000] {processor.py:830} INFO - Processing file /opt/airflow/dags/etl_postgres_to_duckdb.py for tasks to queue
[2025-05-16T23:46:49.424+0000] {logging_mixin.py:188} INFO - [2025-05-16T23:46:49.424+0000] {dagbag.py:538} INFO - Filling up the DagBag from /opt/airflow/dags/etl_postgres_to_duckdb.py
[2025-05-16T23:46:49.434+0000] {processor.py:840} INFO - DAG(s) 'etl_postgres_to_duckdb' retrieved from /opt/airflow/dags/etl_postgres_to_duckdb.py
[2025-05-16T23:46:49.448+0000] {logging_mixin.py:188} INFO - [2025-05-16T23:46:49.448+0000] {dag.py:3033} INFO - Sync 1 DAGs
[2025-05-16T23:46:49.458+0000] {logging_mixin.py:188} INFO - [2025-05-16T23:46:49.457+0000] {dag.py:3820} INFO - Setting next_dagrun for etl_postgres_to_duckdb to 2025-05-16T23:00:00+00:00, run_after=2025-05-17T00:00:00+00:00
[2025-05-16T23:46:49.464+0000] {processor.py:183} INFO - Processing /opt/airflow/dags/etl_postgres_to_duckdb.py took 0.043 seconds
[2025-05-16T23:47:19.691+0000] {processor.py:161} INFO - Started process (PID=311) to work on /opt/airflow/dags/etl_postgres_to_duckdb.py
[2025-05-16T23:47:19.691+0000] {processor.py:830} INFO - Processing file /opt/airflow/dags/etl_postgres_to_duckdb.py for tasks to queue
[2025-05-16T23:47:19.692+0000] {logging_mixin.py:188} INFO - [2025-05-16T23:47:19.692+0000] {dagbag.py:538} INFO - Filling up the DagBag from /opt/airflow/dags/etl_postgres_to_duckdb.py
[2025-05-16T23:47:19.700+0000] {processor.py:840} INFO - DAG(s) 'etl_postgres_to_duckdb' retrieved from /opt/airflow/dags/etl_postgres_to_duckdb.py
[2025-05-16T23:47:19.713+0000] {logging_mixin.py:188} INFO - [2025-05-16T23:47:19.713+0000] {dag.py:3033} INFO - Sync 1 DAGs
[2025-05-16T23:47:19.723+0000] {logging_mixin.py:188} INFO - [2025-05-16T23:47:19.723+0000] {dag.py:3820} INFO - Setting next_dagrun for etl_postgres_to_duckdb to 2025-05-16T23:00:00+00:00, run_after=2025-05-17T00:00:00+00:00
[2025-05-16T23:47:19.729+0000] {processor.py:183} INFO - Processing /opt/airflow/dags/etl_postgres_to_duckdb.py took 0.040 seconds
[2025-05-16T23:47:49.929+0000] {processor.py:161} INFO - Started process (PID=316) to work on /opt/airflow/dags/etl_postgres_to_duckdb.py
[2025-05-16T23:47:49.930+0000] {processor.py:830} INFO - Processing file /opt/airflow/dags/etl_postgres_to_duckdb.py for tasks to queue
[2025-05-16T23:47:49.930+0000] {logging_mixin.py:188} INFO - [2025-05-16T23:47:49.930+0000] {dagbag.py:538} INFO - Filling up the DagBag from /opt/airflow/dags/etl_postgres_to_duckdb.py
[2025-05-16T23:47:49.939+0000] {processor.py:840} INFO - DAG(s) 'etl_postgres_to_duckdb' retrieved from /opt/airflow/dags/etl_postgres_to_duckdb.py
[2025-05-16T23:47:49.953+0000] {logging_mixin.py:188} INFO - [2025-05-16T23:47:49.953+0000] {dag.py:3033} INFO - Sync 1 DAGs
[2025-05-16T23:47:49.962+0000] {logging_mixin.py:188} INFO - [2025-05-16T23:47:49.962+0000] {dag.py:3820} INFO - Setting next_dagrun for etl_postgres_to_duckdb to 2025-05-16T23:00:00+00:00, run_after=2025-05-17T00:00:00+00:00
[2025-05-16T23:47:49.969+0000] {processor.py:183} INFO - Processing /opt/airflow/dags/etl_postgres_to_duckdb.py took 0.042 seconds
[2025-05-16T23:48:20.187+0000] {processor.py:161} INFO - Started process (PID=321) to work on /opt/airflow/dags/etl_postgres_to_duckdb.py
[2025-05-16T23:48:20.188+0000] {processor.py:830} INFO - Processing file /opt/airflow/dags/etl_postgres_to_duckdb.py for tasks to queue
[2025-05-16T23:48:20.188+0000] {logging_mixin.py:188} INFO - [2025-05-16T23:48:20.188+0000] {dagbag.py:538} INFO - Filling up the DagBag from /opt/airflow/dags/etl_postgres_to_duckdb.py
[2025-05-16T23:48:20.197+0000] {processor.py:840} INFO - DAG(s) 'etl_postgres_to_duckdb' retrieved from /opt/airflow/dags/etl_postgres_to_duckdb.py
[2025-05-16T23:48:20.211+0000] {logging_mixin.py:188} INFO - [2025-05-16T23:48:20.211+0000] {dag.py:3033} INFO - Sync 1 DAGs
[2025-05-16T23:48:20.220+0000] {logging_mixin.py:188} INFO - [2025-05-16T23:48:20.220+0000] {dag.py:3820} INFO - Setting next_dagrun for etl_postgres_to_duckdb to 2025-05-16T23:00:00+00:00, run_after=2025-05-17T00:00:00+00:00
[2025-05-16T23:48:20.227+0000] {processor.py:183} INFO - Processing /opt/airflow/dags/etl_postgres_to_duckdb.py took 0.042 seconds
[2025-05-16T23:48:50.431+0000] {processor.py:161} INFO - Started process (PID=326) to work on /opt/airflow/dags/etl_postgres_to_duckdb.py
[2025-05-16T23:48:50.431+0000] {processor.py:830} INFO - Processing file /opt/airflow/dags/etl_postgres_to_duckdb.py for tasks to queue
[2025-05-16T23:48:50.432+0000] {logging_mixin.py:188} INFO - [2025-05-16T23:48:50.431+0000] {dagbag.py:538} INFO - Filling up the DagBag from /opt/airflow/dags/etl_postgres_to_duckdb.py
[2025-05-16T23:48:50.438+0000] {processor.py:840} INFO - DAG(s) 'etl_postgres_to_duckdb' retrieved from /opt/airflow/dags/etl_postgres_to_duckdb.py
[2025-05-16T23:48:50.450+0000] {logging_mixin.py:188} INFO - [2025-05-16T23:48:50.450+0000] {dag.py:3033} INFO - Sync 1 DAGs
[2025-05-16T23:48:50.460+0000] {logging_mixin.py:188} INFO - [2025-05-16T23:48:50.460+0000] {dag.py:3820} INFO - Setting next_dagrun for etl_postgres_to_duckdb to 2025-05-16T23:00:00+00:00, run_after=2025-05-17T00:00:00+00:00
[2025-05-16T23:48:50.466+0000] {processor.py:183} INFO - Processing /opt/airflow/dags/etl_postgres_to_duckdb.py took 0.037 seconds
[2025-05-16T23:49:20.706+0000] {processor.py:161} INFO - Started process (PID=331) to work on /opt/airflow/dags/etl_postgres_to_duckdb.py
[2025-05-16T23:49:20.706+0000] {processor.py:830} INFO - Processing file /opt/airflow/dags/etl_postgres_to_duckdb.py for tasks to queue
[2025-05-16T23:49:20.707+0000] {logging_mixin.py:188} INFO - [2025-05-16T23:49:20.706+0000] {dagbag.py:538} INFO - Filling up the DagBag from /opt/airflow/dags/etl_postgres_to_duckdb.py
[2025-05-16T23:49:20.715+0000] {processor.py:840} INFO - DAG(s) 'etl_postgres_to_duckdb' retrieved from /opt/airflow/dags/etl_postgres_to_duckdb.py
[2025-05-16T23:49:20.728+0000] {logging_mixin.py:188} INFO - [2025-05-16T23:49:20.728+0000] {dag.py:3033} INFO - Sync 1 DAGs
[2025-05-16T23:49:20.737+0000] {logging_mixin.py:188} INFO - [2025-05-16T23:49:20.737+0000] {dag.py:3820} INFO - Setting next_dagrun for etl_postgres_to_duckdb to 2025-05-16T23:00:00+00:00, run_after=2025-05-17T00:00:00+00:00
[2025-05-16T23:49:20.743+0000] {processor.py:183} INFO - Processing /opt/airflow/dags/etl_postgres_to_duckdb.py took 0.040 seconds
[2025-05-16T23:49:50.960+0000] {processor.py:161} INFO - Started process (PID=336) to work on /opt/airflow/dags/etl_postgres_to_duckdb.py
[2025-05-16T23:49:50.960+0000] {processor.py:830} INFO - Processing file /opt/airflow/dags/etl_postgres_to_duckdb.py for tasks to queue
[2025-05-16T23:49:50.961+0000] {logging_mixin.py:188} INFO - [2025-05-16T23:49:50.961+0000] {dagbag.py:538} INFO - Filling up the DagBag from /opt/airflow/dags/etl_postgres_to_duckdb.py
[2025-05-16T23:49:50.970+0000] {processor.py:840} INFO - DAG(s) 'etl_postgres_to_duckdb' retrieved from /opt/airflow/dags/etl_postgres_to_duckdb.py
[2025-05-16T23:49:50.984+0000] {logging_mixin.py:188} INFO - [2025-05-16T23:49:50.983+0000] {dag.py:3033} INFO - Sync 1 DAGs
[2025-05-16T23:49:50.992+0000] {logging_mixin.py:188} INFO - [2025-05-16T23:49:50.992+0000] {dag.py:3820} INFO - Setting next_dagrun for etl_postgres_to_duckdb to 2025-05-16T23:00:00+00:00, run_after=2025-05-17T00:00:00+00:00
[2025-05-16T23:49:50.999+0000] {processor.py:183} INFO - Processing /opt/airflow/dags/etl_postgres_to_duckdb.py took 0.041 seconds
[2025-05-16T23:50:21.224+0000] {processor.py:161} INFO - Started process (PID=341) to work on /opt/airflow/dags/etl_postgres_to_duckdb.py
[2025-05-16T23:50:21.224+0000] {processor.py:830} INFO - Processing file /opt/airflow/dags/etl_postgres_to_duckdb.py for tasks to queue
[2025-05-16T23:50:21.225+0000] {logging_mixin.py:188} INFO - [2025-05-16T23:50:21.225+0000] {dagbag.py:538} INFO - Filling up the DagBag from /opt/airflow/dags/etl_postgres_to_duckdb.py
[2025-05-16T23:50:21.237+0000] {processor.py:840} INFO - DAG(s) 'etl_postgres_to_duckdb' retrieved from /opt/airflow/dags/etl_postgres_to_duckdb.py
[2025-05-16T23:50:21.249+0000] {logging_mixin.py:188} INFO - [2025-05-16T23:50:21.249+0000] {dag.py:3033} INFO - Sync 1 DAGs
[2025-05-16T23:50:21.259+0000] {logging_mixin.py:188} INFO - [2025-05-16T23:50:21.259+0000] {dag.py:3820} INFO - Setting next_dagrun for etl_postgres_to_duckdb to 2025-05-16T23:00:00+00:00, run_after=2025-05-17T00:00:00+00:00
[2025-05-16T23:50:21.265+0000] {processor.py:183} INFO - Processing /opt/airflow/dags/etl_postgres_to_duckdb.py took 0.044 seconds
[2025-05-16T23:50:51.517+0000] {processor.py:161} INFO - Started process (PID=346) to work on /opt/airflow/dags/etl_postgres_to_duckdb.py
[2025-05-16T23:50:51.518+0000] {processor.py:830} INFO - Processing file /opt/airflow/dags/etl_postgres_to_duckdb.py for tasks to queue
[2025-05-16T23:50:51.518+0000] {logging_mixin.py:188} INFO - [2025-05-16T23:50:51.518+0000] {dagbag.py:538} INFO - Filling up the DagBag from /opt/airflow/dags/etl_postgres_to_duckdb.py
[2025-05-16T23:50:51.527+0000] {processor.py:840} INFO - DAG(s) 'etl_postgres_to_duckdb' retrieved from /opt/airflow/dags/etl_postgres_to_duckdb.py
[2025-05-16T23:50:51.540+0000] {logging_mixin.py:188} INFO - [2025-05-16T23:50:51.540+0000] {dag.py:3033} INFO - Sync 1 DAGs
[2025-05-16T23:50:51.549+0000] {logging_mixin.py:188} INFO - [2025-05-16T23:50:51.549+0000] {dag.py:3820} INFO - Setting next_dagrun for etl_postgres_to_duckdb to 2025-05-16T23:00:00+00:00, run_after=2025-05-17T00:00:00+00:00
[2025-05-16T23:50:51.555+0000] {processor.py:183} INFO - Processing /opt/airflow/dags/etl_postgres_to_duckdb.py took 0.040 seconds
[2025-05-16T23:51:21.831+0000] {processor.py:161} INFO - Started process (PID=351) to work on /opt/airflow/dags/etl_postgres_to_duckdb.py
[2025-05-16T23:51:21.832+0000] {processor.py:830} INFO - Processing file /opt/airflow/dags/etl_postgres_to_duckdb.py for tasks to queue
[2025-05-16T23:51:21.832+0000] {logging_mixin.py:188} INFO - [2025-05-16T23:51:21.832+0000] {dagbag.py:538} INFO - Filling up the DagBag from /opt/airflow/dags/etl_postgres_to_duckdb.py
[2025-05-16T23:51:21.842+0000] {processor.py:840} INFO - DAG(s) 'etl_postgres_to_duckdb' retrieved from /opt/airflow/dags/etl_postgres_to_duckdb.py
[2025-05-16T23:51:21.857+0000] {logging_mixin.py:188} INFO - [2025-05-16T23:51:21.857+0000] {dag.py:3033} INFO - Sync 1 DAGs
[2025-05-16T23:51:21.866+0000] {logging_mixin.py:188} INFO - [2025-05-16T23:51:21.866+0000] {dag.py:3820} INFO - Setting next_dagrun for etl_postgres_to_duckdb to 2025-05-16T23:00:00+00:00, run_after=2025-05-17T00:00:00+00:00
[2025-05-16T23:51:21.873+0000] {processor.py:183} INFO - Processing /opt/airflow/dags/etl_postgres_to_duckdb.py took 0.045 seconds
[2025-05-16T23:51:52.180+0000] {processor.py:161} INFO - Started process (PID=356) to work on /opt/airflow/dags/etl_postgres_to_duckdb.py
[2025-05-16T23:51:52.180+0000] {processor.py:830} INFO - Processing file /opt/airflow/dags/etl_postgres_to_duckdb.py for tasks to queue
[2025-05-16T23:51:52.181+0000] {logging_mixin.py:188} INFO - [2025-05-16T23:51:52.181+0000] {dagbag.py:538} INFO - Filling up the DagBag from /opt/airflow/dags/etl_postgres_to_duckdb.py
[2025-05-16T23:51:52.190+0000] {processor.py:840} INFO - DAG(s) 'etl_postgres_to_duckdb' retrieved from /opt/airflow/dags/etl_postgres_to_duckdb.py
[2025-05-16T23:51:52.206+0000] {logging_mixin.py:188} INFO - [2025-05-16T23:51:52.206+0000] {dag.py:3033} INFO - Sync 1 DAGs
[2025-05-16T23:51:52.215+0000] {logging_mixin.py:188} INFO - [2025-05-16T23:51:52.215+0000] {dag.py:3820} INFO - Setting next_dagrun for etl_postgres_to_duckdb to 2025-05-16T23:00:00+00:00, run_after=2025-05-17T00:00:00+00:00
[2025-05-16T23:51:52.222+0000] {processor.py:183} INFO - Processing /opt/airflow/dags/etl_postgres_to_duckdb.py took 0.045 seconds
[2025-05-16T23:52:22.457+0000] {processor.py:161} INFO - Started process (PID=361) to work on /opt/airflow/dags/etl_postgres_to_duckdb.py
[2025-05-16T23:52:22.457+0000] {processor.py:830} INFO - Processing file /opt/airflow/dags/etl_postgres_to_duckdb.py for tasks to queue
[2025-05-16T23:52:22.458+0000] {logging_mixin.py:188} INFO - [2025-05-16T23:52:22.458+0000] {dagbag.py:538} INFO - Filling up the DagBag from /opt/airflow/dags/etl_postgres_to_duckdb.py
[2025-05-16T23:52:22.466+0000] {processor.py:840} INFO - DAG(s) 'etl_postgres_to_duckdb' retrieved from /opt/airflow/dags/etl_postgres_to_duckdb.py
[2025-05-16T23:52:22.480+0000] {logging_mixin.py:188} INFO - [2025-05-16T23:52:22.480+0000] {dag.py:3033} INFO - Sync 1 DAGs
[2025-05-16T23:52:22.490+0000] {logging_mixin.py:188} INFO - [2025-05-16T23:52:22.490+0000] {dag.py:3820} INFO - Setting next_dagrun for etl_postgres_to_duckdb to 2025-05-16T23:00:00+00:00, run_after=2025-05-17T00:00:00+00:00
[2025-05-16T23:52:22.497+0000] {processor.py:183} INFO - Processing /opt/airflow/dags/etl_postgres_to_duckdb.py took 0.043 seconds
[2025-05-16T23:52:52.815+0000] {processor.py:161} INFO - Started process (PID=366) to work on /opt/airflow/dags/etl_postgres_to_duckdb.py
[2025-05-16T23:52:52.815+0000] {processor.py:830} INFO - Processing file /opt/airflow/dags/etl_postgres_to_duckdb.py for tasks to queue
[2025-05-16T23:52:52.816+0000] {logging_mixin.py:188} INFO - [2025-05-16T23:52:52.816+0000] {dagbag.py:538} INFO - Filling up the DagBag from /opt/airflow/dags/etl_postgres_to_duckdb.py
[2025-05-16T23:52:52.826+0000] {processor.py:840} INFO - DAG(s) 'etl_postgres_to_duckdb' retrieved from /opt/airflow/dags/etl_postgres_to_duckdb.py
[2025-05-16T23:52:52.841+0000] {logging_mixin.py:188} INFO - [2025-05-16T23:52:52.841+0000] {dag.py:3033} INFO - Sync 1 DAGs
[2025-05-16T23:52:52.850+0000] {logging_mixin.py:188} INFO - [2025-05-16T23:52:52.850+0000] {dag.py:3820} INFO - Setting next_dagrun for etl_postgres_to_duckdb to 2025-05-16T23:00:00+00:00, run_after=2025-05-17T00:00:00+00:00
[2025-05-16T23:52:52.856+0000] {processor.py:183} INFO - Processing /opt/airflow/dags/etl_postgres_to_duckdb.py took 0.044 seconds
[2025-05-16T23:53:23.096+0000] {processor.py:161} INFO - Started process (PID=371) to work on /opt/airflow/dags/etl_postgres_to_duckdb.py
[2025-05-16T23:53:23.097+0000] {processor.py:830} INFO - Processing file /opt/airflow/dags/etl_postgres_to_duckdb.py for tasks to queue
[2025-05-16T23:53:23.098+0000] {logging_mixin.py:188} INFO - [2025-05-16T23:53:23.097+0000] {dagbag.py:538} INFO - Filling up the DagBag from /opt/airflow/dags/etl_postgres_to_duckdb.py
[2025-05-16T23:53:23.107+0000] {processor.py:840} INFO - DAG(s) 'etl_postgres_to_duckdb' retrieved from /opt/airflow/dags/etl_postgres_to_duckdb.py
[2025-05-16T23:53:23.124+0000] {logging_mixin.py:188} INFO - [2025-05-16T23:53:23.124+0000] {dag.py:3033} INFO - Sync 1 DAGs
[2025-05-16T23:53:23.133+0000] {logging_mixin.py:188} INFO - [2025-05-16T23:53:23.133+0000] {dag.py:3820} INFO - Setting next_dagrun for etl_postgres_to_duckdb to 2025-05-16T23:00:00+00:00, run_after=2025-05-17T00:00:00+00:00
[2025-05-16T23:53:23.140+0000] {processor.py:183} INFO - Processing /opt/airflow/dags/etl_postgres_to_duckdb.py took 0.046 seconds
[2025-05-16T23:53:53.456+0000] {processor.py:161} INFO - Started process (PID=376) to work on /opt/airflow/dags/etl_postgres_to_duckdb.py
[2025-05-16T23:53:53.457+0000] {processor.py:830} INFO - Processing file /opt/airflow/dags/etl_postgres_to_duckdb.py for tasks to queue
[2025-05-16T23:53:53.457+0000] {logging_mixin.py:188} INFO - [2025-05-16T23:53:53.457+0000] {dagbag.py:538} INFO - Filling up the DagBag from /opt/airflow/dags/etl_postgres_to_duckdb.py
[2025-05-16T23:53:53.467+0000] {processor.py:840} INFO - DAG(s) 'etl_postgres_to_duckdb' retrieved from /opt/airflow/dags/etl_postgres_to_duckdb.py
[2025-05-16T23:53:53.482+0000] {logging_mixin.py:188} INFO - [2025-05-16T23:53:53.482+0000] {dag.py:3033} INFO - Sync 1 DAGs
[2025-05-16T23:53:53.491+0000] {logging_mixin.py:188} INFO - [2025-05-16T23:53:53.491+0000] {dag.py:3820} INFO - Setting next_dagrun for etl_postgres_to_duckdb to 2025-05-16T23:00:00+00:00, run_after=2025-05-17T00:00:00+00:00
[2025-05-16T23:53:53.498+0000] {processor.py:183} INFO - Processing /opt/airflow/dags/etl_postgres_to_duckdb.py took 0.044 seconds
[2025-05-16T23:54:23.739+0000] {processor.py:161} INFO - Started process (PID=381) to work on /opt/airflow/dags/etl_postgres_to_duckdb.py
[2025-05-16T23:54:23.740+0000] {processor.py:830} INFO - Processing file /opt/airflow/dags/etl_postgres_to_duckdb.py for tasks to queue
[2025-05-16T23:54:23.740+0000] {logging_mixin.py:188} INFO - [2025-05-16T23:54:23.740+0000] {dagbag.py:538} INFO - Filling up the DagBag from /opt/airflow/dags/etl_postgres_to_duckdb.py
[2025-05-16T23:54:23.750+0000] {processor.py:840} INFO - DAG(s) 'etl_postgres_to_duckdb' retrieved from /opt/airflow/dags/etl_postgres_to_duckdb.py
[2025-05-16T23:54:23.767+0000] {logging_mixin.py:188} INFO - [2025-05-16T23:54:23.767+0000] {dag.py:3033} INFO - Sync 1 DAGs
[2025-05-16T23:54:23.780+0000] {logging_mixin.py:188} INFO - [2025-05-16T23:54:23.779+0000] {dag.py:3820} INFO - Setting next_dagrun for etl_postgres_to_duckdb to 2025-05-16T23:00:00+00:00, run_after=2025-05-17T00:00:00+00:00
[2025-05-16T23:54:23.790+0000] {processor.py:183} INFO - Processing /opt/airflow/dags/etl_postgres_to_duckdb.py took 0.054 seconds
[2025-05-16T23:54:54.057+0000] {processor.py:161} INFO - Started process (PID=386) to work on /opt/airflow/dags/etl_postgres_to_duckdb.py
[2025-05-16T23:54:54.058+0000] {processor.py:830} INFO - Processing file /opt/airflow/dags/etl_postgres_to_duckdb.py for tasks to queue
[2025-05-16T23:54:54.058+0000] {logging_mixin.py:188} INFO - [2025-05-16T23:54:54.058+0000] {dagbag.py:538} INFO - Filling up the DagBag from /opt/airflow/dags/etl_postgres_to_duckdb.py
[2025-05-16T23:54:54.066+0000] {processor.py:840} INFO - DAG(s) 'etl_postgres_to_duckdb' retrieved from /opt/airflow/dags/etl_postgres_to_duckdb.py
[2025-05-16T23:54:54.079+0000] {logging_mixin.py:188} INFO - [2025-05-16T23:54:54.079+0000] {dag.py:3033} INFO - Sync 1 DAGs
[2025-05-16T23:54:54.089+0000] {logging_mixin.py:188} INFO - [2025-05-16T23:54:54.089+0000] {dag.py:3820} INFO - Setting next_dagrun for etl_postgres_to_duckdb to 2025-05-16T23:00:00+00:00, run_after=2025-05-17T00:00:00+00:00
[2025-05-16T23:54:54.095+0000] {processor.py:183} INFO - Processing /opt/airflow/dags/etl_postgres_to_duckdb.py took 0.040 seconds
[2025-05-16T23:55:24.342+0000] {processor.py:161} INFO - Started process (PID=391) to work on /opt/airflow/dags/etl_postgres_to_duckdb.py
[2025-05-16T23:55:24.342+0000] {processor.py:830} INFO - Processing file /opt/airflow/dags/etl_postgres_to_duckdb.py for tasks to queue
[2025-05-16T23:55:24.343+0000] {logging_mixin.py:188} INFO - [2025-05-16T23:55:24.343+0000] {dagbag.py:538} INFO - Filling up the DagBag from /opt/airflow/dags/etl_postgres_to_duckdb.py
[2025-05-16T23:55:24.353+0000] {processor.py:840} INFO - DAG(s) 'etl_postgres_to_duckdb' retrieved from /opt/airflow/dags/etl_postgres_to_duckdb.py
[2025-05-16T23:55:24.369+0000] {logging_mixin.py:188} INFO - [2025-05-16T23:55:24.368+0000] {dag.py:3033} INFO - Sync 1 DAGs
[2025-05-16T23:55:24.379+0000] {logging_mixin.py:188} INFO - [2025-05-16T23:55:24.379+0000] {dag.py:3820} INFO - Setting next_dagrun for etl_postgres_to_duckdb to 2025-05-16T23:00:00+00:00, run_after=2025-05-17T00:00:00+00:00
[2025-05-16T23:55:24.385+0000] {processor.py:183} INFO - Processing /opt/airflow/dags/etl_postgres_to_duckdb.py took 0.047 seconds
[2025-05-16T23:55:54.650+0000] {processor.py:161} INFO - Started process (PID=396) to work on /opt/airflow/dags/etl_postgres_to_duckdb.py
[2025-05-16T23:55:54.650+0000] {processor.py:830} INFO - Processing file /opt/airflow/dags/etl_postgres_to_duckdb.py for tasks to queue
[2025-05-16T23:55:54.651+0000] {logging_mixin.py:188} INFO - [2025-05-16T23:55:54.650+0000] {dagbag.py:538} INFO - Filling up the DagBag from /opt/airflow/dags/etl_postgres_to_duckdb.py
[2025-05-16T23:55:54.658+0000] {processor.py:840} INFO - DAG(s) 'etl_postgres_to_duckdb' retrieved from /opt/airflow/dags/etl_postgres_to_duckdb.py
[2025-05-16T23:55:54.672+0000] {logging_mixin.py:188} INFO - [2025-05-16T23:55:54.672+0000] {dag.py:3033} INFO - Sync 1 DAGs
[2025-05-16T23:55:54.681+0000] {logging_mixin.py:188} INFO - [2025-05-16T23:55:54.681+0000] {dag.py:3820} INFO - Setting next_dagrun for etl_postgres_to_duckdb to 2025-05-16T23:00:00+00:00, run_after=2025-05-17T00:00:00+00:00
[2025-05-16T23:55:54.687+0000] {processor.py:183} INFO - Processing /opt/airflow/dags/etl_postgres_to_duckdb.py took 0.039 seconds
[2025-05-16T23:56:24.929+0000] {processor.py:161} INFO - Started process (PID=401) to work on /opt/airflow/dags/etl_postgres_to_duckdb.py
[2025-05-16T23:56:24.930+0000] {processor.py:830} INFO - Processing file /opt/airflow/dags/etl_postgres_to_duckdb.py for tasks to queue
[2025-05-16T23:56:24.930+0000] {logging_mixin.py:188} INFO - [2025-05-16T23:56:24.930+0000] {dagbag.py:538} INFO - Filling up the DagBag from /opt/airflow/dags/etl_postgres_to_duckdb.py
[2025-05-16T23:56:24.936+0000] {processor.py:840} INFO - DAG(s) 'etl_postgres_to_duckdb' retrieved from /opt/airflow/dags/etl_postgres_to_duckdb.py
[2025-05-16T23:56:24.946+0000] {logging_mixin.py:188} INFO - [2025-05-16T23:56:24.946+0000] {dag.py:3033} INFO - Sync 1 DAGs
[2025-05-16T23:56:24.954+0000] {logging_mixin.py:188} INFO - [2025-05-16T23:56:24.954+0000] {dag.py:3820} INFO - Setting next_dagrun for etl_postgres_to_duckdb to 2025-05-16T23:00:00+00:00, run_after=2025-05-17T00:00:00+00:00
[2025-05-16T23:56:24.960+0000] {processor.py:183} INFO - Processing /opt/airflow/dags/etl_postgres_to_duckdb.py took 0.032 seconds
[2025-05-16T23:56:55.213+0000] {processor.py:161} INFO - Started process (PID=406) to work on /opt/airflow/dags/etl_postgres_to_duckdb.py
[2025-05-16T23:56:55.214+0000] {processor.py:830} INFO - Processing file /opt/airflow/dags/etl_postgres_to_duckdb.py for tasks to queue
[2025-05-16T23:56:55.215+0000] {logging_mixin.py:188} INFO - [2025-05-16T23:56:55.214+0000] {dagbag.py:538} INFO - Filling up the DagBag from /opt/airflow/dags/etl_postgres_to_duckdb.py
[2025-05-16T23:56:55.224+0000] {processor.py:840} INFO - DAG(s) 'etl_postgres_to_duckdb' retrieved from /opt/airflow/dags/etl_postgres_to_duckdb.py
[2025-05-16T23:56:55.240+0000] {logging_mixin.py:188} INFO - [2025-05-16T23:56:55.240+0000] {dag.py:3033} INFO - Sync 1 DAGs
[2025-05-16T23:56:55.249+0000] {logging_mixin.py:188} INFO - [2025-05-16T23:56:55.249+0000] {dag.py:3820} INFO - Setting next_dagrun for etl_postgres_to_duckdb to 2025-05-16T23:00:00+00:00, run_after=2025-05-17T00:00:00+00:00
[2025-05-16T23:56:55.255+0000] {processor.py:183} INFO - Processing /opt/airflow/dags/etl_postgres_to_duckdb.py took 0.045 seconds
[2025-05-16T23:57:25.504+0000] {processor.py:161} INFO - Started process (PID=411) to work on /opt/airflow/dags/etl_postgres_to_duckdb.py
[2025-05-16T23:57:25.504+0000] {processor.py:830} INFO - Processing file /opt/airflow/dags/etl_postgres_to_duckdb.py for tasks to queue
[2025-05-16T23:57:25.505+0000] {logging_mixin.py:188} INFO - [2025-05-16T23:57:25.504+0000] {dagbag.py:538} INFO - Filling up the DagBag from /opt/airflow/dags/etl_postgres_to_duckdb.py
[2025-05-16T23:57:25.513+0000] {processor.py:840} INFO - DAG(s) 'etl_postgres_to_duckdb' retrieved from /opt/airflow/dags/etl_postgres_to_duckdb.py
[2025-05-16T23:57:25.528+0000] {logging_mixin.py:188} INFO - [2025-05-16T23:57:25.527+0000] {dag.py:3033} INFO - Sync 1 DAGs
[2025-05-16T23:57:25.539+0000] {logging_mixin.py:188} INFO - [2025-05-16T23:57:25.538+0000] {dag.py:3820} INFO - Setting next_dagrun for etl_postgres_to_duckdb to 2025-05-16T23:00:00+00:00, run_after=2025-05-17T00:00:00+00:00
[2025-05-16T23:57:25.546+0000] {processor.py:183} INFO - Processing /opt/airflow/dags/etl_postgres_to_duckdb.py took 0.045 seconds
[2025-05-16T23:57:55.788+0000] {processor.py:161} INFO - Started process (PID=416) to work on /opt/airflow/dags/etl_postgres_to_duckdb.py
[2025-05-16T23:57:55.789+0000] {processor.py:830} INFO - Processing file /opt/airflow/dags/etl_postgres_to_duckdb.py for tasks to queue
[2025-05-16T23:57:55.789+0000] {logging_mixin.py:188} INFO - [2025-05-16T23:57:55.789+0000] {dagbag.py:538} INFO - Filling up the DagBag from /opt/airflow/dags/etl_postgres_to_duckdb.py
[2025-05-16T23:57:55.799+0000] {processor.py:840} INFO - DAG(s) 'etl_postgres_to_duckdb' retrieved from /opt/airflow/dags/etl_postgres_to_duckdb.py
[2025-05-16T23:57:55.815+0000] {logging_mixin.py:188} INFO - [2025-05-16T23:57:55.814+0000] {dag.py:3033} INFO - Sync 1 DAGs
[2025-05-16T23:57:55.824+0000] {logging_mixin.py:188} INFO - [2025-05-16T23:57:55.824+0000] {dag.py:3820} INFO - Setting next_dagrun for etl_postgres_to_duckdb to 2025-05-16T23:00:00+00:00, run_after=2025-05-17T00:00:00+00:00
[2025-05-16T23:57:55.831+0000] {processor.py:183} INFO - Processing /opt/airflow/dags/etl_postgres_to_duckdb.py took 0.045 seconds
[2025-05-16T23:58:26.107+0000] {processor.py:161} INFO - Started process (PID=421) to work on /opt/airflow/dags/etl_postgres_to_duckdb.py
[2025-05-16T23:58:26.107+0000] {processor.py:830} INFO - Processing file /opt/airflow/dags/etl_postgres_to_duckdb.py for tasks to queue
[2025-05-16T23:58:26.108+0000] {logging_mixin.py:188} INFO - [2025-05-16T23:58:26.108+0000] {dagbag.py:538} INFO - Filling up the DagBag from /opt/airflow/dags/etl_postgres_to_duckdb.py
[2025-05-16T23:58:26.118+0000] {processor.py:840} INFO - DAG(s) 'etl_postgres_to_duckdb' retrieved from /opt/airflow/dags/etl_postgres_to_duckdb.py
[2025-05-16T23:58:26.134+0000] {logging_mixin.py:188} INFO - [2025-05-16T23:58:26.134+0000] {dag.py:3033} INFO - Sync 1 DAGs
[2025-05-16T23:58:26.143+0000] {logging_mixin.py:188} INFO - [2025-05-16T23:58:26.143+0000] {dag.py:3820} INFO - Setting next_dagrun for etl_postgres_to_duckdb to 2025-05-16T23:00:00+00:00, run_after=2025-05-17T00:00:00+00:00
[2025-05-16T23:58:26.149+0000] {processor.py:183} INFO - Processing /opt/airflow/dags/etl_postgres_to_duckdb.py took 0.046 seconds
[2025-05-16T23:58:56.414+0000] {processor.py:161} INFO - Started process (PID=426) to work on /opt/airflow/dags/etl_postgres_to_duckdb.py
[2025-05-16T23:58:56.415+0000] {processor.py:830} INFO - Processing file /opt/airflow/dags/etl_postgres_to_duckdb.py for tasks to queue
[2025-05-16T23:58:56.416+0000] {logging_mixin.py:188} INFO - [2025-05-16T23:58:56.415+0000] {dagbag.py:538} INFO - Filling up the DagBag from /opt/airflow/dags/etl_postgres_to_duckdb.py
[2025-05-16T23:58:56.425+0000] {processor.py:840} INFO - DAG(s) 'etl_postgres_to_duckdb' retrieved from /opt/airflow/dags/etl_postgres_to_duckdb.py
[2025-05-16T23:58:56.441+0000] {logging_mixin.py:188} INFO - [2025-05-16T23:58:56.441+0000] {dag.py:3033} INFO - Sync 1 DAGs
[2025-05-16T23:58:56.450+0000] {logging_mixin.py:188} INFO - [2025-05-16T23:58:56.450+0000] {dag.py:3820} INFO - Setting next_dagrun for etl_postgres_to_duckdb to 2025-05-16T23:00:00+00:00, run_after=2025-05-17T00:00:00+00:00
[2025-05-16T23:58:56.457+0000] {processor.py:183} INFO - Processing /opt/airflow/dags/etl_postgres_to_duckdb.py took 0.045 seconds
[2025-05-16T23:59:26.706+0000] {processor.py:161} INFO - Started process (PID=431) to work on /opt/airflow/dags/etl_postgres_to_duckdb.py
[2025-05-16T23:59:26.707+0000] {processor.py:830} INFO - Processing file /opt/airflow/dags/etl_postgres_to_duckdb.py for tasks to queue
[2025-05-16T23:59:26.708+0000] {logging_mixin.py:188} INFO - [2025-05-16T23:59:26.707+0000] {dagbag.py:538} INFO - Filling up the DagBag from /opt/airflow/dags/etl_postgres_to_duckdb.py
[2025-05-16T23:59:26.718+0000] {processor.py:840} INFO - DAG(s) 'etl_postgres_to_duckdb' retrieved from /opt/airflow/dags/etl_postgres_to_duckdb.py
[2025-05-16T23:59:26.734+0000] {logging_mixin.py:188} INFO - [2025-05-16T23:59:26.734+0000] {dag.py:3033} INFO - Sync 1 DAGs
[2025-05-16T23:59:26.744+0000] {logging_mixin.py:188} INFO - [2025-05-16T23:59:26.744+0000] {dag.py:3820} INFO - Setting next_dagrun for etl_postgres_to_duckdb to 2025-05-16T23:00:00+00:00, run_after=2025-05-17T00:00:00+00:00
[2025-05-16T23:59:26.750+0000] {processor.py:183} INFO - Processing /opt/airflow/dags/etl_postgres_to_duckdb.py took 0.047 seconds
[2025-05-16T23:59:56.997+0000] {processor.py:161} INFO - Started process (PID=436) to work on /opt/airflow/dags/etl_postgres_to_duckdb.py
[2025-05-16T23:59:56.997+0000] {processor.py:830} INFO - Processing file /opt/airflow/dags/etl_postgres_to_duckdb.py for tasks to queue
[2025-05-16T23:59:56.998+0000] {logging_mixin.py:188} INFO - [2025-05-16T23:59:56.997+0000] {dagbag.py:538} INFO - Filling up the DagBag from /opt/airflow/dags/etl_postgres_to_duckdb.py
[2025-05-16T23:59:57.007+0000] {processor.py:840} INFO - DAG(s) 'etl_postgres_to_duckdb' retrieved from /opt/airflow/dags/etl_postgres_to_duckdb.py
[2025-05-16T23:59:57.021+0000] {logging_mixin.py:188} INFO - [2025-05-16T23:59:57.021+0000] {dag.py:3033} INFO - Sync 1 DAGs
[2025-05-16T23:59:57.030+0000] {logging_mixin.py:188} INFO - [2025-05-16T23:59:57.030+0000] {dag.py:3820} INFO - Setting next_dagrun for etl_postgres_to_duckdb to 2025-05-16T23:00:00+00:00, run_after=2025-05-17T00:00:00+00:00
[2025-05-16T23:59:57.037+0000] {processor.py:183} INFO - Processing /opt/airflow/dags/etl_postgres_to_duckdb.py took 0.043 seconds
